生成启动时间为 2017/6/2 10:59:45。
     1>项目“C:\Users\teng\working\DobotCheck\DobotCheck\DobotCheck.vcxproj”在节点 2 上(build 个目标)。
     1>InitializeBuildStatus:
         正在创建“Debug\DobotCheck.unsuccessfulbuild”，因为已指定“AlwaysCreate”。
       ClCompile:
         所有输出均为最新。
         C:\Program Files (x86)\Microsoft Visual Studio 10.0\VC\bin\CL.exe /c /ZI /nologo /W3 /WX- /Od /Oy- /D WIN32 /D _WINDOWS /D _DEBUG /D _MBCS /Gm /EHsc /RTC1 /MTd /GS /fp:precise /Zc:wchar_t /Zc:forScope /Yu"StdAfx.h" /Fp"Debug\DobotCheck.pch" /Fo"Debug\\" /Fd"Debug\vc100.pdb" /Gd /TP /analyze- /errorReport:prompt ACard.cpp Comm.cpp DobotCheck.cpp DobotCheckDlg.cpp DownloadSettingDlg.cpp FlashCard.cpp FlashFileNameDlg.cpp MarkLocationDlg.cpp ModifyDlg.cpp OperDobot.cpp OperDobot2.cpp PressureCard.cpp PressureCardNew.cpp ScandOP.cpp ScandReading.cpp
         ScandReading.cpp
     1>c:\users\teng\working\dobotcheck\dobotcheck\scandreading.cpp(112): warning C4244: “=”: 从“int”转换到“float”，可能丢失数据
     1>c:\users\teng\working\dobotcheck\dobotcheck\scandreading.cpp(113): warning C4244: “=”: 从“int”转换到“float”，可能丢失数据
     1>c:\users\teng\working\dobotcheck\dobotcheck\scandreading.cpp(276): warning C4996: 'sprintf': This function or variable may be unsafe. Consider using sprintf_s instead. To disable deprecation, use _CRT_SECURE_NO_WARNINGS. See online help for details.
                 c:\program files (x86)\microsoft visual studio 10.0\vc\include\stdio.h(371) : 参见“sprintf”的声明
     1>c:\users\teng\working\dobotcheck\dobotcheck\scandreading.cpp(573): warning C4244: “参数”: 从“double”转换到“int”，可能丢失数据
     1>c:\users\teng\working\dobotcheck\dobotcheck\scandreading.cpp(574): warning C4244: “参数”: 从“double”转换到“int”，可能丢失数据
     1>c:\users\teng\working\dobotcheck\dobotcheck\scandreading.cpp(575): warning C4244: “参数”: 从“double”转换到“int”，可能丢失数据
     1>c:\users\teng\working\dobotcheck\dobotcheck\scandreading.cpp(576): warning C4244: “参数”: 从“double”转换到“int”，可能丢失数据
     1>c:\users\teng\working\dobotcheck\dobotcheck\scandreading.cpp(583): warning C4244: “参数”: 从“double”转换到“int”，可能丢失数据
     1>c:\users\teng\working\dobotcheck\dobotcheck\scandreading.cpp(584): warning C4244: “参数”: 从“double”转换到“int”，可能丢失数据
     1>c:\users\teng\working\dobotcheck\dobotcheck\scandreading.cpp(585): warning C4244: “参数”: 从“double”转换到“int”，可能丢失数据
     1>c:\users\teng\working\dobotcheck\dobotcheck\scandreading.cpp(589): warning C4244: “参数”: 从“double”转换到“int”，可能丢失数据
     1>c:\users\teng\working\dobotcheck\dobotcheck\scandreading.cpp(590): warning C4244: “参数”: 从“double”转换到“int”，可能丢失数据
     1>c:\users\teng\working\dobotcheck\dobotcheck\scandreading.cpp(591): warning C4244: “参数”: 从“double”转换到“int”，可能丢失数据
     1>c:\users\teng\working\dobotcheck\dobotcheck\scandreading.cpp(602): warning C4244: “=”: 从“double”转换到“LONG”，可能丢失数据
     1>c:\users\teng\working\dobotcheck\dobotcheck\scandreading.cpp(602): warning C4244: “=”: 从“double”转换到“LONG”，可能丢失数据
     1>c:\users\teng\working\dobotcheck\dobotcheck\scandreading.cpp(607): warning C4244: “初始化”: 从“double”转换到“float”，可能丢失数据
     1>c:\users\teng\working\dobotcheck\dobotcheck\scandreading.cpp(608): warning C4244: “参数”: 从“float”转换到“int”，可能丢失数据
     1>c:\users\teng\working\dobotcheck\dobotcheck\scandreading.cpp(608): warning C4244: “参数”: 从“float”转换到“int”，可能丢失数据
     1>c:\users\teng\working\dobotcheck\dobotcheck\scandreading.cpp(608): warning C4244: “参数”: 从“float”转换到“int”，可能丢失数据
     1>c:\users\teng\working\dobotcheck\dobotcheck\scandreading.cpp(608): warning C4244: “参数”: 从“float”转换到“int”，可能丢失数据
     1>c:\users\teng\working\dobotcheck\dobotcheck\scandreading.cpp(610): warning C4244: “初始化”: 从“double”转换到“float”，可能丢失数据
     1>c:\users\teng\working\dobotcheck\dobotcheck\scandreading.cpp(611): warning C4244: “参数”: 从“float”转换到“int”，可能丢失数据
     1>c:\users\teng\working\dobotcheck\dobotcheck\scandreading.cpp(611): warning C4244: “参数”: 从“float”转换到“int”，可能丢失数据
     1>c:\users\teng\working\dobotcheck\dobotcheck\scandreading.cpp(611): warning C4244: “参数”: 从“float”转换到“int”，可能丢失数据
     1>c:\users\teng\working\dobotcheck\dobotcheck\scandreading.cpp(611): warning C4244: “参数”: 从“float”转换到“int”，可能丢失数据
     1>c:\users\teng\working\dobotcheck\dobotcheck\scandreading.cpp(678): warning C4244: “=”: 从“double”转换到“float”，可能丢失数据
     1>c:\users\teng\working\dobotcheck\dobotcheck\scandreading.cpp(682): warning C4244: “=”: 从“double”转换到“float”，可能丢失数据
     1>c:\users\teng\working\dobotcheck\dobotcheck\scandreading.cpp(690): warning C4244: “=”: 从“LONG”转换到“float”，可能丢失数据
     1>c:\users\teng\working\dobotcheck\dobotcheck\scandreading.cpp(693): warning C4244: “=”: 从“LONG”转换到“float”，可能丢失数据
     1>c:\users\teng\working\dobotcheck\dobotcheck\scandreading.cpp(698): warning C4244: “=”: 从“LONG”转换到“float”，可能丢失数据
     1>c:\users\teng\working\dobotcheck\dobotcheck\scandreading.cpp(701): warning C4244: “=”: 从“LONG”转换到“float”，可能丢失数据
     1>c:\users\teng\working\dobotcheck\dobotcheck\scandreading.cpp(707): warning C4244: “=”: 从“LONG”转换到“float”，可能丢失数据
     1>c:\users\teng\working\dobotcheck\dobotcheck\scandreading.cpp(708): warning C4244: “=”: 从“LONG”转换到“float”，可能丢失数据
     1>c:\users\teng\working\dobotcheck\dobotcheck\scandreading.cpp(712): warning C4244: “=”: 从“LONG”转换到“float”，可能丢失数据
     1>c:\users\teng\working\dobotcheck\dobotcheck\scandreading.cpp(718): warning C4244: “=”: 从“LONG”转换到“float”，可能丢失数据
     1>c:\users\teng\working\dobotcheck\dobotcheck\scandreading.cpp(721): warning C4244: “=”: 从“LONG”转换到“float”，可能丢失数据
     1>c:\users\teng\working\dobotcheck\dobotcheck\scandreading.cpp(726): warning C4244: “=”: 从“LONG”转换到“float”，可能丢失数据
     1>c:\users\teng\working\dobotcheck\dobotcheck\scandreading.cpp(729): warning C4244: “=”: 从“LONG”转换到“float”，可能丢失数据
     1>c:\users\teng\working\dobotcheck\dobotcheck\scandreading.cpp(730): warning C4244: “=”: 从“LONG”转换到“float”，可能丢失数据
     1>c:\users\teng\working\dobotcheck\dobotcheck\scandreading.cpp(736): warning C4244: “参数”: 从“double”转换到“int”，可能丢失数据
     1>c:\users\teng\working\dobotcheck\dobotcheck\scandreading.cpp(736): warning C4244: “参数”: 从“double”转换到“int”，可能丢失数据
     1>c:\users\teng\working\dobotcheck\dobotcheck\scandreading.cpp(736): warning C4244: “参数”: 从“double”转换到“int”，可能丢失数据
     1>c:\users\teng\working\dobotcheck\dobotcheck\scandreading.cpp(736): warning C4244: “参数”: 从“double”转换到“int”，可能丢失数据
         ScandOP.cpp
     1>c:\users\teng\working\dobotcheck\dobotcheck\scandop.cpp(38): warning C4244: “+=”: 从“double”转换到“float”，可能丢失数据
     1>c:\users\teng\working\dobotcheck\dobotcheck\scandop.cpp(65): warning C4244: “+=”: 从“double”转换到“float”，可能丢失数据
     1>c:\users\teng\working\dobotcheck\dobotcheck\scandop.cpp(85): warning C4244: “-=”: 从“double”转换到“float”，可能丢失数据
     1>c:\users\teng\working\dobotcheck\dobotcheck\scandop.cpp(86): warning C4244: “-=”: 从“double”转换到“float”，可能丢失数据
     1>c:\users\teng\working\dobotcheck\dobotcheck\scandop.cpp(88): warning C4244: “+=”: 从“double”转换到“float”，可能丢失数据
     1>c:\users\teng\working\dobotcheck\dobotcheck\scandop.cpp(90): warning C4244: “+=”: 从“double”转换到“float”，可能丢失数据
     1>c:\users\teng\working\dobotcheck\dobotcheck\scandop.cpp(92): warning C4244: “-=”: 从“double”转换到“float”，可能丢失数据
     1>c:\users\teng\working\dobotcheck\dobotcheck\scandop.cpp(94): warning C4244: “-=”: 从“double”转换到“float”，可能丢失数据
     1>c:\users\teng\working\dobotcheck\dobotcheck\scandop.cpp(135): warning C4244: “初始化”: 从“float”转换到“int”，可能丢失数据
     1>c:\users\teng\working\dobotcheck\dobotcheck\scandop.cpp(138): warning C4018: “<”: 有符号/无符号不匹配
     1>c:\users\teng\working\dobotcheck\dobotcheck\scandop.cpp(158): warning C4244: “=”: 从“int”转换到“float”，可能丢失数据
     1>c:\users\teng\working\dobotcheck\dobotcheck\scandop.cpp(165): warning C4244: “=”: 从“int”转换到“float”，可能丢失数据
     1>c:\users\teng\working\dobotcheck\dobotcheck\scandop.cpp(176): warning C4996: 'strcpy': This function or variable may be unsafe. Consider using strcpy_s instead. To disable deprecation, use _CRT_SECURE_NO_WARNINGS. See online help for details.
                 c:\program files (x86)\microsoft visual studio 10.0\vc\include\string.h(105) : 参见“strcpy”的声明
     1>c:\users\teng\working\dobotcheck\dobotcheck\scandop.cpp(186): warning C4244: “=”: 从“int”转换到“float”，可能丢失数据
     1>c:\users\teng\working\dobotcheck\dobotcheck\scandop.cpp(220): warning C4996: 'sprintf': This function or variable may be unsafe. Consider using sprintf_s instead. To disable deprecation, use _CRT_SECURE_NO_WARNINGS. See online help for details.
                 c:\program files (x86)\microsoft visual studio 10.0\vc\include\stdio.h(371) : 参见“sprintf”的声明
     1>c:\users\teng\working\dobotcheck\dobotcheck\scandop.cpp(234): warning C4244: “初始化”: 从“float”转换到“int”，可能丢失数据
     1>c:\users\teng\working\dobotcheck\dobotcheck\scandop.cpp(236): warning C4244: “=”: 从“int”转换到“float”，可能丢失数据
     1>c:\users\teng\working\dobotcheck\dobotcheck\scandop.cpp(246): warning C4018: “<”: 有符号/无符号不匹配
     1>c:\users\teng\working\dobotcheck\dobotcheck\scandop.cpp(281): warning C4244: “初始化”: 从“float”转换到“int”，可能丢失数据
     1>c:\users\teng\working\dobotcheck\dobotcheck\scandop.cpp(283): warning C4244: “=”: 从“int”转换到“float”，可能丢失数据
     1>c:\users\teng\working\dobotcheck\dobotcheck\scandop.cpp(297): warning C4996: 'strcpy': This function or variable may be unsafe. Consider using strcpy_s instead. To disable deprecation, use _CRT_SECURE_NO_WARNINGS. See online help for details.
                 c:\program files (x86)\microsoft visual studio 10.0\vc\include\string.h(105) : 参见“strcpy”的声明
     1>c:\users\teng\working\dobotcheck\dobotcheck\scandop.cpp(302): warning C4018: “<”: 有符号/无符号不匹配
     1>c:\users\teng\working\dobotcheck\dobotcheck\scandop.cpp(314): warning C4244: “=”: 从“int”转换到“float”，可能丢失数据
     1>c:\users\teng\working\dobotcheck\dobotcheck\scandop.cpp(344): warning C4996: 'sprintf': This function or variable may be unsafe. Consider using sprintf_s instead. To disable deprecation, use _CRT_SECURE_NO_WARNINGS. See online help for details.
                 c:\program files (x86)\microsoft visual studio 10.0\vc\include\stdio.h(371) : 参见“sprintf”的声明
         PressureCardNew.cpp
     1>c:\users\teng\working\dobotcheck\dobotcheck\pressurecardnew.cpp(84): warning C4244: “参数”: 从“double”转换到“float”，可能丢失数据
     1>c:\users\teng\working\dobotcheck\dobotcheck\pressurecardnew.cpp(108): warning C4244: “参数”: 从“double”转换到“float”，可能丢失数据
     1>c:\users\teng\working\dobotcheck\dobotcheck\pressurecardnew.cpp(114): warning C4244: “参数”: 从“double”转换到“float”，可能丢失数据
     1>c:\users\teng\working\dobotcheck\dobotcheck\pressurecardnew.cpp(120): warning C4244: “参数”: 从“double”转换到“float”，可能丢失数据
     1>c:\users\teng\working\dobotcheck\dobotcheck\pressurecardnew.cpp(126): warning C4244: “参数”: 从“double”转换到“float”，可能丢失数据
     1>c:\users\teng\working\dobotcheck\dobotcheck\pressurecardnew.cpp(145): warning C4244: “参数”: 从“double”转换到“float”，可能丢失数据
     1>c:\users\teng\working\dobotcheck\dobotcheck\pressurecardnew.cpp(151): warning C4244: “参数”: 从“double”转换到“float”，可能丢失数据
     1>c:\users\teng\working\dobotcheck\dobotcheck\pressurecardnew.cpp(70): warning C4101: “nItem”: 未引用的局部变量
         PressureCard.cpp
     1>c:\users\teng\working\dobotcheck\dobotcheck\pressurecard.cpp(116): warning C4996: 'sprintf': This function or variable may be unsafe. Consider using sprintf_s instead. To disable deprecation, use _CRT_SECURE_NO_WARNINGS. See online help for details.
                 c:\program files (x86)\microsoft visual studio 10.0\vc\include\stdio.h(371) : 参见“sprintf”的声明
     1>c:\users\teng\working\dobotcheck\dobotcheck\pressurecard.cpp(118): warning C4996: 'sprintf': This function or variable may be unsafe. Consider using sprintf_s instead. To disable deprecation, use _CRT_SECURE_NO_WARNINGS. See online help for details.
                 c:\program files (x86)\microsoft visual studio 10.0\vc\include\stdio.h(371) : 参见“sprintf”的声明
     1>c:\users\teng\working\dobotcheck\dobotcheck\pressurecard.cpp(120): warning C4996: 'sprintf': This function or variable may be unsafe. Consider using sprintf_s instead. To disable deprecation, use _CRT_SECURE_NO_WARNINGS. See online help for details.
                 c:\program files (x86)\microsoft visual studio 10.0\vc\include\stdio.h(371) : 参见“sprintf”的声明
     1>c:\users\teng\working\dobotcheck\dobotcheck\pressurecard.cpp(122): warning C4996: 'sprintf': This function or variable may be unsafe. Consider using sprintf_s instead. To disable deprecation, use _CRT_SECURE_NO_WARNINGS. See online help for details.
                 c:\program files (x86)\microsoft visual studio 10.0\vc\include\stdio.h(371) : 参见“sprintf”的声明
     1>c:\users\teng\working\dobotcheck\dobotcheck\pressurecard.cpp(124): warning C4996: 'sprintf': This function or variable may be unsafe. Consider using sprintf_s instead. To disable deprecation, use _CRT_SECURE_NO_WARNINGS. See online help for details.
                 c:\program files (x86)\microsoft visual studio 10.0\vc\include\stdio.h(371) : 参见“sprintf”的声明
     1>c:\users\teng\working\dobotcheck\dobotcheck\pressurecard.cpp(126): warning C4996: 'sprintf': This function or variable may be unsafe. Consider using sprintf_s instead. To disable deprecation, use _CRT_SECURE_NO_WARNINGS. See online help for details.
                 c:\program files (x86)\microsoft visual studio 10.0\vc\include\stdio.h(371) : 参见“sprintf”的声明
     1>c:\users\teng\working\dobotcheck\dobotcheck\pressurecard.cpp(128): warning C4996: 'sprintf': This function or variable may be unsafe. Consider using sprintf_s instead. To disable deprecation, use _CRT_SECURE_NO_WARNINGS. See online help for details.
                 c:\program files (x86)\microsoft visual studio 10.0\vc\include\stdio.h(371) : 参见“sprintf”的声明
     1>c:\users\teng\working\dobotcheck\dobotcheck\pressurecard.cpp(134): warning C4244: “=”: 从“double”转换到“float”，可能丢失数据
     1>c:\users\teng\working\dobotcheck\dobotcheck\pressurecard.cpp(190): warning C4996: 'sprintf': This function or variable may be unsafe. Consider using sprintf_s instead. To disable deprecation, use _CRT_SECURE_NO_WARNINGS. See online help for details.
                 c:\program files (x86)\microsoft visual studio 10.0\vc\include\stdio.h(371) : 参见“sprintf”的声明
     1>c:\users\teng\working\dobotcheck\dobotcheck\pressurecard.cpp(192): warning C4996: 'sprintf': This function or variable may be unsafe. Consider using sprintf_s instead. To disable deprecation, use _CRT_SECURE_NO_WARNINGS. See online help for details.
                 c:\program files (x86)\microsoft visual studio 10.0\vc\include\stdio.h(371) : 参见“sprintf”的声明
     1>c:\users\teng\working\dobotcheck\dobotcheck\pressurecard.cpp(194): warning C4996: 'sprintf': This function or variable may be unsafe. Consider using sprintf_s instead. To disable deprecation, use _CRT_SECURE_NO_WARNINGS. See online help for details.
                 c:\program files (x86)\microsoft visual studio 10.0\vc\include\stdio.h(371) : 参见“sprintf”的声明
     1>c:\users\teng\working\dobotcheck\dobotcheck\pressurecard.cpp(196): warning C4996: 'sprintf': This function or variable may be unsafe. Consider using sprintf_s instead. To disable deprecation, use _CRT_SECURE_NO_WARNINGS. See online help for details.
                 c:\program files (x86)\microsoft visual studio 10.0\vc\include\stdio.h(371) : 参见“sprintf”的声明
     1>c:\users\teng\working\dobotcheck\dobotcheck\pressurecard.cpp(198): warning C4996: 'sprintf': This function or variable may be unsafe. Consider using sprintf_s instead. To disable deprecation, use _CRT_SECURE_NO_WARNINGS. See online help for details.
                 c:\program files (x86)\microsoft visual studio 10.0\vc\include\stdio.h(371) : 参见“sprintf”的声明
     1>c:\users\teng\working\dobotcheck\dobotcheck\pressurecard.cpp(200): warning C4996: 'sprintf': This function or variable may be unsafe. Consider using sprintf_s instead. To disable deprecation, use _CRT_SECURE_NO_WARNINGS. See online help for details.
                 c:\program files (x86)\microsoft visual studio 10.0\vc\include\stdio.h(371) : 参见“sprintf”的声明
     1>c:\users\teng\working\dobotcheck\dobotcheck\pressurecard.cpp(202): warning C4996: 'sprintf': This function or variable may be unsafe. Consider using sprintf_s instead. To disable deprecation, use _CRT_SECURE_NO_WARNINGS. See online help for details.
                 c:\program files (x86)\microsoft visual studio 10.0\vc\include\stdio.h(371) : 参见“sprintf”的声明
     1>c:\users\teng\working\dobotcheck\dobotcheck\pressurecard.cpp(357): warning C4244: “=”: 从“double”转换到“float”，可能丢失数据
     1>c:\users\teng\working\dobotcheck\dobotcheck\pressurecard.cpp(358): warning C4244: “=”: 从“double”转换到“float”，可能丢失数据
     1>c:\users\teng\working\dobotcheck\dobotcheck\pressurecard.cpp(359): warning C4244: “=”: 从“double”转换到“float”，可能丢失数据
     1>c:\users\teng\working\dobotcheck\dobotcheck\pressurecard.cpp(360): warning C4244: “=”: 从“double”转换到“float”，可能丢失数据
     1>c:\users\teng\working\dobotcheck\dobotcheck\pressurecard.cpp(361): warning C4244: “=”: 从“double”转换到“float”，可能丢失数据
     1>c:\users\teng\working\dobotcheck\dobotcheck\pressurecard.cpp(362): warning C4244: “=”: 从“double”转换到“float”，可能丢失数据
     1>c:\users\teng\working\dobotcheck\dobotcheck\pressurecard.cpp(363): warning C4244: “=”: 从“double”转换到“float”，可能丢失数据
     1>c:\users\teng\working\dobotcheck\dobotcheck\pressurecard.cpp(427): warning C4244: “参数”: 从“float”转换到“DWORD”，可能丢失数据
     1>c:\users\teng\working\dobotcheck\dobotcheck\pressurecard.cpp(433): warning C4996: 'sprintf': This function or variable may be unsafe. Consider using sprintf_s instead. To disable deprecation, use _CRT_SECURE_NO_WARNINGS. See online help for details.
                 c:\program files (x86)\microsoft visual studio 10.0\vc\include\stdio.h(371) : 参见“sprintf”的声明
     1>c:\users\teng\working\dobotcheck\dobotcheck\pressurecard.cpp(460): warning C4244: “参数”: 从“float”转换到“DWORD”，可能丢失数据
     1>c:\users\teng\working\dobotcheck\dobotcheck\pressurecard.cpp(464): warning C4996: 'sprintf': This function or variable may be unsafe. Consider using sprintf_s instead. To disable deprecation, use _CRT_SECURE_NO_WARNINGS. See online help for details.
                 c:\program files (x86)\microsoft visual studio 10.0\vc\include\stdio.h(371) : 参见“sprintf”的声明
     1>c:\users\teng\working\dobotcheck\dobotcheck\pressurecard.cpp(505): warning C4244: “参数”: 从“float”转换到“int”，可能丢失数据
     1>c:\users\teng\working\dobotcheck\dobotcheck\pressurecard.cpp(576): warning C4996: 'sprintf': This function or variable may be unsafe. Consider using sprintf_s instead. To disable deprecation, use _CRT_SECURE_NO_WARNINGS. See online help for details.
                 c:\program files (x86)\microsoft visual studio 10.0\vc\include\stdio.h(371) : 参见“sprintf”的声明
     1>c:\users\teng\working\dobotcheck\dobotcheck\pressurecard.cpp(581): warning C4996: 'sprintf': This function or variable may be unsafe. Consider using sprintf_s instead. To disable deprecation, use _CRT_SECURE_NO_WARNINGS. See online help for details.
                 c:\program files (x86)\microsoft visual studio 10.0\vc\include\stdio.h(371) : 参见“sprintf”的声明
     1>c:\users\teng\working\dobotcheck\dobotcheck\pressurecard.cpp(586): warning C4996: 'sprintf': This function or variable may be unsafe. Consider using sprintf_s instead. To disable deprecation, use _CRT_SECURE_NO_WARNINGS. See online help for details.
                 c:\program files (x86)\microsoft visual studio 10.0\vc\include\stdio.h(371) : 参见“sprintf”的声明
     1>c:\users\teng\working\dobotcheck\dobotcheck\pressurecard.cpp(591): warning C4996: 'sprintf': This function or variable may be unsafe. Consider using sprintf_s instead. To disable deprecation, use _CRT_SECURE_NO_WARNINGS. See online help for details.
                 c:\program files (x86)\microsoft visual studio 10.0\vc\include\stdio.h(371) : 参见“sprintf”的声明
     1>c:\users\teng\working\dobotcheck\dobotcheck\pressurecard.cpp(596): warning C4996: 'sprintf': This function or variable may be unsafe. Consider using sprintf_s instead. To disable deprecation, use _CRT_SECURE_NO_WARNINGS. See online help for details.
                 c:\program files (x86)\microsoft visual studio 10.0\vc\include\stdio.h(371) : 参见“sprintf”的声明
     1>c:\users\teng\working\dobotcheck\dobotcheck\pressurecard.cpp(601): warning C4996: 'sprintf': This function or variable may be unsafe. Consider using sprintf_s instead. To disable deprecation, use _CRT_SECURE_NO_WARNINGS. See online help for details.
                 c:\program files (x86)\microsoft visual studio 10.0\vc\include\stdio.h(371) : 参见“sprintf”的声明
     1>c:\users\teng\working\dobotcheck\dobotcheck\pressurecard.cpp(606): warning C4996: 'sprintf': This function or variable may be unsafe. Consider using sprintf_s instead. To disable deprecation, use _CRT_SECURE_NO_WARNINGS. See online help for details.
                 c:\program files (x86)\microsoft visual studio 10.0\vc\include\stdio.h(371) : 参见“sprintf”的声明
     1>c:\users\teng\working\dobotcheck\dobotcheck\pressurecard.cpp(624): warning C4996: 'sprintf': This function or variable may be unsafe. Consider using sprintf_s instead. To disable deprecation, use _CRT_SECURE_NO_WARNINGS. See online help for details.
                 c:\program files (x86)\microsoft visual studio 10.0\vc\include\stdio.h(371) : 参见“sprintf”的声明
     1>c:\users\teng\working\dobotcheck\dobotcheck\pressurecard.cpp(626): warning C4996: 'sprintf': This function or variable may be unsafe. Consider using sprintf_s instead. To disable deprecation, use _CRT_SECURE_NO_WARNINGS. See online help for details.
                 c:\program files (x86)\microsoft visual studio 10.0\vc\include\stdio.h(371) : 参见“sprintf”的声明
     1>c:\users\teng\working\dobotcheck\dobotcheck\pressurecard.cpp(628): warning C4996: 'sprintf': This function or variable may be unsafe. Consider using sprintf_s instead. To disable deprecation, use _CRT_SECURE_NO_WARNINGS. See online help for details.
                 c:\program files (x86)\microsoft visual studio 10.0\vc\include\stdio.h(371) : 参见“sprintf”的声明
     1>c:\users\teng\working\dobotcheck\dobotcheck\pressurecard.cpp(630): warning C4996: 'sprintf': This function or variable may be unsafe. Consider using sprintf_s instead. To disable deprecation, use _CRT_SECURE_NO_WARNINGS. See online help for details.
                 c:\program files (x86)\microsoft visual studio 10.0\vc\include\stdio.h(371) : 参见“sprintf”的声明
     1>c:\users\teng\working\dobotcheck\dobotcheck\pressurecard.cpp(632): warning C4996: 'sprintf': This function or variable may be unsafe. Consider using sprintf_s instead. To disable deprecation, use _CRT_SECURE_NO_WARNINGS. See online help for details.
                 c:\program files (x86)\microsoft visual studio 10.0\vc\include\stdio.h(371) : 参见“sprintf”的声明
     1>c:\users\teng\working\dobotcheck\dobotcheck\pressurecard.cpp(634): warning C4996: 'sprintf': This function or variable may be unsafe. Consider using sprintf_s instead. To disable deprecation, use _CRT_SECURE_NO_WARNINGS. See online help for details.
                 c:\program files (x86)\microsoft visual studio 10.0\vc\include\stdio.h(371) : 参见“sprintf”的声明
     1>c:\users\teng\working\dobotcheck\dobotcheck\pressurecard.cpp(636): warning C4996: 'sprintf': This function or variable may be unsafe. Consider using sprintf_s instead. To disable deprecation, use _CRT_SECURE_NO_WARNINGS. See online help for details.
                 c:\program files (x86)\microsoft visual studio 10.0\vc\include\stdio.h(371) : 参见“sprintf”的声明
     1>c:\users\teng\working\dobotcheck\dobotcheck\pressurecard.cpp(638): warning C4996: 'sprintf': This function or variable may be unsafe. Consider using sprintf_s instead. To disable deprecation, use _CRT_SECURE_NO_WARNINGS. See online help for details.
                 c:\program files (x86)\microsoft visual studio 10.0\vc\include\stdio.h(371) : 参见“sprintf”的声明
         OperDobot2.cpp
     1>c:\users\teng\working\dobotcheck\dobotcheck\operdobot2.cpp(344): warning C4996: 'sprintf': This function or variable may be unsafe. Consider using sprintf_s instead. To disable deprecation, use _CRT_SECURE_NO_WARNINGS. See online help for details.
                 c:\program files (x86)\microsoft visual studio 10.0\vc\include\stdio.h(371) : 参见“sprintf”的声明
     1>c:\users\teng\working\dobotcheck\dobotcheck\operdobot2.cpp(354): warning C4996: 'sprintf': This function or variable may be unsafe. Consider using sprintf_s instead. To disable deprecation, use _CRT_SECURE_NO_WARNINGS. See online help for details.
                 c:\program files (x86)\microsoft visual studio 10.0\vc\include\stdio.h(371) : 参见“sprintf”的声明
         OperDobot.cpp
     1>c:\users\teng\working\dobotcheck\dobotcheck\operdobot.cpp(36): warning C4996: 'sprintf': This function or variable may be unsafe. Consider using sprintf_s instead. To disable deprecation, use _CRT_SECURE_NO_WARNINGS. See online help for details.
                 c:\program files (x86)\microsoft visual studio 10.0\vc\include\stdio.h(371) : 参见“sprintf”的声明
     1>c:\users\teng\working\dobotcheck\dobotcheck\operdobot.cpp(81): warning C4996: 'sprintf': This function or variable may be unsafe. Consider using sprintf_s instead. To disable deprecation, use _CRT_SECURE_NO_WARNINGS. See online help for details.
                 c:\program files (x86)\microsoft visual studio 10.0\vc\include\stdio.h(371) : 参见“sprintf”的声明
     1>c:\users\teng\working\dobotcheck\dobotcheck\operdobot.cpp(58): warning C4101: “i”: 未引用的局部变量
     1>c:\users\teng\working\dobotcheck\dobotcheck\operdobot.cpp(184): warning C4305: “初始化”: 从“double”到“float”截断
     1>c:\users\teng\working\dobotcheck\dobotcheck\operdobot.cpp(184): warning C4305: “初始化”: 从“double”到“float”截断
     1>c:\users\teng\working\dobotcheck\dobotcheck\operdobot.cpp(581): warning C4996: 'sprintf': This function or variable may be unsafe. Consider using sprintf_s instead. To disable deprecation, use _CRT_SECURE_NO_WARNINGS. See online help for details.
                 c:\program files (x86)\microsoft visual studio 10.0\vc\include\stdio.h(371) : 参见“sprintf”的声明
     1>c:\users\teng\working\dobotcheck\dobotcheck\operdobot.cpp(583): warning C4018: “>”: 有符号/无符号不匹配
         MarkLocationDlg.cpp
     1>c:\users\teng\working\dobotcheck\dobotcheck\marklocationdlg.cpp(137): warning C4996: 'sprintf': This function or variable may be unsafe. Consider using sprintf_s instead. To disable deprecation, use _CRT_SECURE_NO_WARNINGS. See online help for details.
                 c:\program files (x86)\microsoft visual studio 10.0\vc\include\stdio.h(371) : 参见“sprintf”的声明
     1>c:\users\teng\working\dobotcheck\dobotcheck\marklocationdlg.cpp(139): warning C4996: 'sprintf': This function or variable may be unsafe. Consider using sprintf_s instead. To disable deprecation, use _CRT_SECURE_NO_WARNINGS. See online help for details.
                 c:\program files (x86)\microsoft visual studio 10.0\vc\include\stdio.h(371) : 参见“sprintf”的声明
     1>c:\users\teng\working\dobotcheck\dobotcheck\marklocationdlg.cpp(141): warning C4996: 'sprintf': This function or variable may be unsafe. Consider using sprintf_s instead. To disable deprecation, use _CRT_SECURE_NO_WARNINGS. See online help for details.
                 c:\program files (x86)\microsoft visual studio 10.0\vc\include\stdio.h(371) : 参见“sprintf”的声明
     1>c:\users\teng\working\dobotcheck\dobotcheck\marklocationdlg.cpp(143): warning C4996: 'sprintf': This function or variable may be unsafe. Consider using sprintf_s instead. To disable deprecation, use _CRT_SECURE_NO_WARNINGS. See online help for details.
                 c:\program files (x86)\microsoft visual studio 10.0\vc\include\stdio.h(371) : 参见“sprintf”的声明
     1>c:\users\teng\working\dobotcheck\dobotcheck\marklocationdlg.cpp(145): warning C4996: 'sprintf': This function or variable may be unsafe. Consider using sprintf_s instead. To disable deprecation, use _CRT_SECURE_NO_WARNINGS. See online help for details.
                 c:\program files (x86)\microsoft visual studio 10.0\vc\include\stdio.h(371) : 参见“sprintf”的声明
     1>c:\users\teng\working\dobotcheck\dobotcheck\marklocationdlg.cpp(147): warning C4996: 'sprintf': This function or variable may be unsafe. Consider using sprintf_s instead. To disable deprecation, use _CRT_SECURE_NO_WARNINGS. See online help for details.
                 c:\program files (x86)\microsoft visual studio 10.0\vc\include\stdio.h(371) : 参见“sprintf”的声明
     1>c:\users\teng\working\dobotcheck\dobotcheck\marklocationdlg.cpp(149): warning C4996: 'sprintf': This function or variable may be unsafe. Consider using sprintf_s instead. To disable deprecation, use _CRT_SECURE_NO_WARNINGS. See online help for details.
                 c:\program files (x86)\microsoft visual studio 10.0\vc\include\stdio.h(371) : 参见“sprintf”的声明
     1>c:\users\teng\working\dobotcheck\dobotcheck\marklocationdlg.cpp(151): warning C4996: 'sprintf': This function or variable may be unsafe. Consider using sprintf_s instead. To disable deprecation, use _CRT_SECURE_NO_WARNINGS. See online help for details.
                 c:\program files (x86)\microsoft visual studio 10.0\vc\include\stdio.h(371) : 参见“sprintf”的声明
     1>c:\users\teng\working\dobotcheck\dobotcheck\marklocationdlg.cpp(153): warning C4996: 'sprintf': This function or variable may be unsafe. Consider using sprintf_s instead. To disable deprecation, use _CRT_SECURE_NO_WARNINGS. See online help for details.
                 c:\program files (x86)\microsoft visual studio 10.0\vc\include\stdio.h(371) : 参见“sprintf”的声明
     1>c:\users\teng\working\dobotcheck\dobotcheck\marklocationdlg.cpp(155): warning C4996: 'sprintf': This function or variable may be unsafe. Consider using sprintf_s instead. To disable deprecation, use _CRT_SECURE_NO_WARNINGS. See online help for details.
                 c:\program files (x86)\microsoft visual studio 10.0\vc\include\stdio.h(371) : 参见“sprintf”的声明
     1>c:\users\teng\working\dobotcheck\dobotcheck\marklocationdlg.cpp(184): warning C4244: “=”: 从“double”转换到“float”，可能丢失数据
     1>c:\users\teng\working\dobotcheck\dobotcheck\marklocationdlg.cpp(189): warning C4244: “=”: 从“double”转换到“float”，可能丢失数据
     1>c:\users\teng\working\dobotcheck\dobotcheck\marklocationdlg.cpp(194): warning C4244: “=”: 从“double”转换到“float”，可能丢失数据
     1>c:\users\teng\working\dobotcheck\dobotcheck\marklocationdlg.cpp(207): warning C4244: “=”: 从“double”转换到“float”，可能丢失数据
     1>c:\users\teng\working\dobotcheck\dobotcheck\marklocationdlg.cpp(212): warning C4244: “=”: 从“double”转换到“float”，可能丢失数据
     1>c:\users\teng\working\dobotcheck\dobotcheck\marklocationdlg.cpp(217): warning C4244: “=”: 从“double”转换到“float”，可能丢失数据
     1>c:\users\teng\working\dobotcheck\dobotcheck\marklocationdlg.cpp(222): warning C4244: “=”: 从“double”转换到“float”，可能丢失数据
     1>c:\users\teng\working\dobotcheck\dobotcheck\marklocationdlg.cpp(233): warning C4244: “=”: 从“double”转换到“float”，可能丢失数据
     1>c:\users\teng\working\dobotcheck\dobotcheck\marklocationdlg.cpp(237): warning C4244: “=”: 从“double”转换到“float”，可能丢失数据
     1>c:\users\teng\working\dobotcheck\dobotcheck\marklocationdlg.cpp(242): warning C4244: “=”: 从“double”转换到“float”，可能丢失数据
     1>c:\users\teng\working\dobotcheck\dobotcheck\marklocationdlg.cpp(253): warning C4244: “=”: 从“double”转换到“float”，可能丢失数据
     1>c:\users\teng\working\dobotcheck\dobotcheck\marklocationdlg.cpp(258): warning C4244: “=”: 从“double”转换到“float”，可能丢失数据
     1>c:\users\teng\working\dobotcheck\dobotcheck\marklocationdlg.cpp(263): warning C4244: “=”: 从“double”转换到“float”，可能丢失数据
         FlashFileNameDlg.cpp
         FlashCard.cpp
     1>c:\users\teng\working\dobotcheck\dobotcheck\flashcard.cpp(183): warning C4244: “参数”: 从“float”转换到“DWORD”，可能丢失数据
     1>c:\users\teng\working\dobotcheck\dobotcheck\flashcard.cpp(226): warning C4244: “参数”: 从“float”转换到“DWORD”，可能丢失数据
     1>c:\users\teng\working\dobotcheck\dobotcheck\flashcard.cpp(239): warning C4244: “参数”: 从“float”转换到“DWORD”，可能丢失数据
     1>c:\users\teng\working\dobotcheck\dobotcheck\flashcard.cpp(252): warning C4244: “参数”: 从“float”转换到“DWORD”，可能丢失数据
     1>c:\users\teng\working\dobotcheck\dobotcheck\flashcard.cpp(276): warning C4996: 'sprintf': This function or variable may be unsafe. Consider using sprintf_s instead. To disable deprecation, use _CRT_SECURE_NO_WARNINGS. See online help for details.
                 c:\program files (x86)\microsoft visual studio 10.0\vc\include\stdio.h(371) : 参见“sprintf”的声明
     1>c:\users\teng\working\dobotcheck\dobotcheck\flashcard.cpp(356): warning C4244: “=”: 从“double”转换到“float”，可能丢失数据
     1>c:\users\teng\working\dobotcheck\dobotcheck\flashcard.cpp(361): warning C4244: “=”: 从“double”转换到“float”，可能丢失数据
     1>c:\users\teng\working\dobotcheck\dobotcheck\flashcard.cpp(366): warning C4244: “=”: 从“double”转换到“float”，可能丢失数据
     1>c:\users\teng\working\dobotcheck\dobotcheck\flashcard.cpp(371): warning C4244: “=”: 从“double”转换到“float”，可能丢失数据
     1>c:\users\teng\working\dobotcheck\dobotcheck\flashcard.cpp(376): warning C4244: “=”: 从“double”转换到“float”，可能丢失数据
     1>c:\users\teng\working\dobotcheck\dobotcheck\flashcard.cpp(381): warning C4244: “=”: 从“double”转换到“float”，可能丢失数据
     1>c:\users\teng\working\dobotcheck\dobotcheck\flashcard.cpp(386): warning C4244: “=”: 从“double”转换到“float”，可能丢失数据
     1>c:\users\teng\working\dobotcheck\dobotcheck\flashcard.cpp(391): warning C4244: “=”: 从“double”转换到“float”，可能丢失数据
         DobotCheckDlg.cpp
     1>c:\users\teng\working\dobotcheck\dobotcheck\dobotcheckdlg.cpp(208): warning C4996: 'strcpy': This function or variable may be unsafe. Consider using strcpy_s instead. To disable deprecation, use _CRT_SECURE_NO_WARNINGS. See online help for details.
                 c:\program files (x86)\microsoft visual studio 10.0\vc\include\string.h(105) : 参见“strcpy”的声明
     1>c:\users\teng\working\dobotcheck\dobotcheck\dobotcheckdlg.cpp(280): warning C4996: 'sprintf': This function or variable may be unsafe. Consider using sprintf_s instead. To disable deprecation, use _CRT_SECURE_NO_WARNINGS. See online help for details.
                 c:\program files (x86)\microsoft visual studio 10.0\vc\include\stdio.h(371) : 参见“sprintf”的声明
     1>c:\users\teng\working\dobotcheck\dobotcheck\dobotcheckdlg.cpp(282): warning C4996: 'sprintf': This function or variable may be unsafe. Consider using sprintf_s instead. To disable deprecation, use _CRT_SECURE_NO_WARNINGS. See online help for details.
                 c:\program files (x86)\microsoft visual studio 10.0\vc\include\stdio.h(371) : 参见“sprintf”的声明
     1>c:\users\teng\working\dobotcheck\dobotcheck\dobotcheckdlg.cpp(284): warning C4996: 'sprintf': This function or variable may be unsafe. Consider using sprintf_s instead. To disable deprecation, use _CRT_SECURE_NO_WARNINGS. See online help for details.
                 c:\program files (x86)\microsoft visual studio 10.0\vc\include\stdio.h(371) : 参见“sprintf”的声明
     1>c:\users\teng\working\dobotcheck\dobotcheck\dobotcheckdlg.cpp(286): warning C4996: 'sprintf': This function or variable may be unsafe. Consider using sprintf_s instead. To disable deprecation, use _CRT_SECURE_NO_WARNINGS. See online help for details.
                 c:\program files (x86)\microsoft visual studio 10.0\vc\include\stdio.h(371) : 参见“sprintf”的声明
     1>c:\users\teng\working\dobotcheck\dobotcheck\dobotcheckdlg.cpp(288): warning C4996: 'sprintf': This function or variable may be unsafe. Consider using sprintf_s instead. To disable deprecation, use _CRT_SECURE_NO_WARNINGS. See online help for details.
                 c:\program files (x86)\microsoft visual studio 10.0\vc\include\stdio.h(371) : 参见“sprintf”的声明
     1>c:\users\teng\working\dobotcheck\dobotcheck\dobotcheckdlg.cpp(290): warning C4996: 'sprintf': This function or variable may be unsafe. Consider using sprintf_s instead. To disable deprecation, use _CRT_SECURE_NO_WARNINGS. See online help for details.
                 c:\program files (x86)\microsoft visual studio 10.0\vc\include\stdio.h(371) : 参见“sprintf”的声明
     1>c:\users\teng\working\dobotcheck\dobotcheck\dobotcheckdlg.cpp(292): warning C4996: 'sprintf': This function or variable may be unsafe. Consider using sprintf_s instead. To disable deprecation, use _CRT_SECURE_NO_WARNINGS. See online help for details.
                 c:\program files (x86)\microsoft visual studio 10.0\vc\include\stdio.h(371) : 参见“sprintf”的声明
     1>c:\users\teng\working\dobotcheck\dobotcheck\dobotcheckdlg.cpp(294): warning C4996: 'sprintf': This function or variable may be unsafe. Consider using sprintf_s instead. To disable deprecation, use _CRT_SECURE_NO_WARNINGS. See online help for details.
                 c:\program files (x86)\microsoft visual studio 10.0\vc\include\stdio.h(371) : 参见“sprintf”的声明
     1>c:\users\teng\working\dobotcheck\dobotcheck\dobotcheckdlg.cpp(296): warning C4996: 'sprintf': This function or variable may be unsafe. Consider using sprintf_s instead. To disable deprecation, use _CRT_SECURE_NO_WARNINGS. See online help for details.
                 c:\program files (x86)\microsoft visual studio 10.0\vc\include\stdio.h(371) : 参见“sprintf”的声明
     1>c:\users\teng\working\dobotcheck\dobotcheck\dobotcheckdlg.cpp(298): warning C4996: 'sprintf': This function or variable may be unsafe. Consider using sprintf_s instead. To disable deprecation, use _CRT_SECURE_NO_WARNINGS. See online help for details.
                 c:\program files (x86)\microsoft visual studio 10.0\vc\include\stdio.h(371) : 参见“sprintf”的声明
     1>c:\users\teng\working\dobotcheck\dobotcheck\dobotcheckdlg.cpp(304): warning C4996: 'sprintf': This function or variable may be unsafe. Consider using sprintf_s instead. To disable deprecation, use _CRT_SECURE_NO_WARNINGS. See online help for details.
                 c:\program files (x86)\microsoft visual studio 10.0\vc\include\stdio.h(371) : 参见“sprintf”的声明
     1>c:\users\teng\working\dobotcheck\dobotcheck\dobotcheckdlg.cpp(560): warning C4800: “int”: 将值强制为布尔值“true”或“false”(性能警告)
     1>c:\users\teng\working\dobotcheck\dobotcheck\dobotcheckdlg.cpp(565): warning C4800: “int”: 将值强制为布尔值“true”或“false”(性能警告)
     1>c:\users\teng\working\dobotcheck\dobotcheck\dobotcheckdlg.cpp(570): warning C4800: “int”: 将值强制为布尔值“true”或“false”(性能警告)
     1>c:\users\teng\working\dobotcheck\dobotcheck\dobotcheckdlg.cpp(575): warning C4800: “int”: 将值强制为布尔值“true”或“false”(性能警告)
         DobotCheck.cpp
         Comm.cpp
         ACard.cpp
     1>c:\users\teng\working\dobotcheck\dobotcheck\acard.cpp(211): warning C4101: “SendDataLen”: 未引用的局部变量
     1>c:\users\teng\working\dobotcheck\dobotcheck\acard.cpp(211): warning C4101: “Cmd”: 未引用的局部变量
     1>c:\users\teng\working\dobotcheck\dobotcheck\acard.cpp(211): warning C4101: “RetCode”: 未引用的局部变量
     1>c:\users\teng\working\dobotcheck\dobotcheck\acard.cpp(211): warning C4101: “RecvDataLen”: 未引用的局部变量
     1>c:\users\teng\working\dobotcheck\dobotcheck\acard.cpp(210): warning C4101: “nRtn”: 未引用的局部变量
     1>c:\users\teng\working\dobotcheck\dobotcheck\acard.cpp(516): warning C4996: 'strcat': This function or variable may be unsafe. Consider using strcat_s instead. To disable deprecation, use _CRT_SECURE_NO_WARNINGS. See online help for details.
                 c:\program files (x86)\microsoft visual studio 10.0\vc\include\string.h(110) : 参见“strcat”的声明
     1>c:\users\teng\working\dobotcheck\dobotcheck\acard.cpp(517): warning C4996: 'strcat': This function or variable may be unsafe. Consider using strcat_s instead. To disable deprecation, use _CRT_SECURE_NO_WARNINGS. See online help for details.
                 c:\program files (x86)\microsoft visual studio 10.0\vc\include\string.h(110) : 参见“strcat”的声明
     1>c:\users\teng\working\dobotcheck\dobotcheck\acard.cpp(518): warning C4996: 'strcat': This function or variable may be unsafe. Consider using strcat_s instead. To disable deprecation, use _CRT_SECURE_NO_WARNINGS. See online help for details.
                 c:\program files (x86)\microsoft visual studio 10.0\vc\include\string.h(110) : 参见“strcat”的声明
     1>c:\users\teng\working\dobotcheck\dobotcheck\acard.cpp(519): warning C4996: 'strcat': This function or variable may be unsafe. Consider using strcat_s instead. To disable deprecation, use _CRT_SECURE_NO_WARNINGS. See online help for details.
                 c:\program files (x86)\microsoft visual studio 10.0\vc\include\string.h(110) : 参见“strcat”的声明
     1>c:\users\teng\working\dobotcheck\dobotcheck\acard.cpp(520): warning C4996: 'sprintf': This function or variable may be unsafe. Consider using sprintf_s instead. To disable deprecation, use _CRT_SECURE_NO_WARNINGS. See online help for details.
                 c:\program files (x86)\microsoft visual studio 10.0\vc\include\stdio.h(371) : 参见“sprintf”的声明
     1>c:\users\teng\working\dobotcheck\dobotcheck\acard.cpp(521): warning C4996: 'strcat': This function or variable may be unsafe. Consider using strcat_s instead. To disable deprecation, use _CRT_SECURE_NO_WARNINGS. See online help for details.
                 c:\program files (x86)\microsoft visual studio 10.0\vc\include\string.h(110) : 参见“strcat”的声明
     1>c:\users\teng\working\dobotcheck\dobotcheck\acard.cpp(522): warning C4996: 'strcat': This function or variable may be unsafe. Consider using strcat_s instead. To disable deprecation, use _CRT_SECURE_NO_WARNINGS. See online help for details.
                 c:\program files (x86)\microsoft visual studio 10.0\vc\include\string.h(110) : 参见“strcat”的声明
     1>c:\users\teng\working\dobotcheck\dobotcheck\acard.cpp(523): warning C4996: 'strcat': This function or variable may be unsafe. Consider using strcat_s instead. To disable deprecation, use _CRT_SECURE_NO_WARNINGS. See online help for details.
                 c:\program files (x86)\microsoft visual studio 10.0\vc\include\string.h(110) : 参见“strcat”的声明
     1>c:\users\teng\working\dobotcheck\dobotcheck\acard.cpp(524): warning C4996: 'strcat': This function or variable may be unsafe. Consider using strcat_s instead. To disable deprecation, use _CRT_SECURE_NO_WARNINGS. See online help for details.
                 c:\program files (x86)\microsoft visual studio 10.0\vc\include\string.h(110) : 参见“strcat”的声明
     1>c:\users\teng\working\dobotcheck\dobotcheck\acard.cpp(751): warning C4996: 'sprintf': This function or variable may be unsafe. Consider using sprintf_s instead. To disable deprecation, use _CRT_SECURE_NO_WARNINGS. See online help for details.
                 c:\program files (x86)\microsoft visual studio 10.0\vc\include\stdio.h(371) : 参见“sprintf”的声明
     1>c:\users\teng\working\dobotcheck\dobotcheck\acard.cpp(752): warning C4996: 'strcat': This function or variable may be unsafe. Consider using strcat_s instead. To disable deprecation, use _CRT_SECURE_NO_WARNINGS. See online help for details.
                 c:\program files (x86)\microsoft visual studio 10.0\vc\include\string.h(110) : 参见“strcat”的声明
     1>c:\users\teng\working\dobotcheck\dobotcheck\acard.cpp(754): warning C4996: 'sprintf': This function or variable may be unsafe. Consider using sprintf_s instead. To disable deprecation, use _CRT_SECURE_NO_WARNINGS. See online help for details.
                 c:\program files (x86)\microsoft visual studio 10.0\vc\include\stdio.h(371) : 参见“sprintf”的声明
     1>c:\users\teng\working\dobotcheck\dobotcheck\acard.cpp(755): warning C4996: 'strcat': This function or variable may be unsafe. Consider using strcat_s instead. To disable deprecation, use _CRT_SECURE_NO_WARNINGS. See online help for details.
                 c:\program files (x86)\microsoft visual studio 10.0\vc\include\string.h(110) : 参见“strcat”的声明
     1>c:\users\teng\working\dobotcheck\dobotcheck\acard.cpp(757): warning C4996: 'sprintf': This function or variable may be unsafe. Consider using sprintf_s instead. To disable deprecation, use _CRT_SECURE_NO_WARNINGS. See online help for details.
                 c:\program files (x86)\microsoft visual studio 10.0\vc\include\stdio.h(371) : 参见“sprintf”的声明
     1>c:\users\teng\working\dobotcheck\dobotcheck\acard.cpp(758): warning C4996: 'strcat': This function or variable may be unsafe. Consider using strcat_s instead. To disable deprecation, use _CRT_SECURE_NO_WARNINGS. See online help for details.
                 c:\program files (x86)\microsoft visual studio 10.0\vc\include\string.h(110) : 参见“strcat”的声明
     1>c:\users\teng\working\dobotcheck\dobotcheck\acard.cpp(760): warning C4996: 'sprintf': This function or variable may be unsafe. Consider using sprintf_s instead. To disable deprecation, use _CRT_SECURE_NO_WARNINGS. See online help for details.
                 c:\program files (x86)\microsoft visual studio 10.0\vc\include\stdio.h(371) : 参见“sprintf”的声明
     1>c:\users\teng\working\dobotcheck\dobotcheck\acard.cpp(761): warning C4996: 'strcat': This function or variable may be unsafe. Consider using strcat_s instead. To disable deprecation, use _CRT_SECURE_NO_WARNINGS. See online help for details.
                 c:\program files (x86)\microsoft visual studio 10.0\vc\include\string.h(110) : 参见“strcat”的声明
     1>c:\users\teng\working\dobotcheck\dobotcheck\acard.cpp(763): warning C4996: 'sprintf': This function or variable may be unsafe. Consider using sprintf_s instead. To disable deprecation, use _CRT_SECURE_NO_WARNINGS. See online help for details.
                 c:\program files (x86)\microsoft visual studio 10.0\vc\include\stdio.h(371) : 参见“sprintf”的声明
     1>c:\users\teng\working\dobotcheck\dobotcheck\acard.cpp(764): warning C4996: 'strcat': This function or variable may be unsafe. Consider using strcat_s instead. To disable deprecation, use _CRT_SECURE_NO_WARNINGS. See online help for details.
                 c:\program files (x86)\microsoft visual studio 10.0\vc\include\string.h(110) : 参见“strcat”的声明
     1>c:\users\teng\working\dobotcheck\dobotcheck\acard.cpp(766): warning C4996: 'sprintf': This function or variable may be unsafe. Consider using sprintf_s instead. To disable deprecation, use _CRT_SECURE_NO_WARNINGS. See online help for details.
                 c:\program files (x86)\microsoft visual studio 10.0\vc\include\stdio.h(371) : 参见“sprintf”的声明
     1>c:\users\teng\working\dobotcheck\dobotcheck\acard.cpp(767): warning C4996: 'strcat': This function or variable may be unsafe. Consider using strcat_s instead. To disable deprecation, use _CRT_SECURE_NO_WARNINGS. See online help for details.
                 c:\program files (x86)\microsoft visual studio 10.0\vc\include\string.h(110) : 参见“strcat”的声明
     1>c:\users\teng\working\dobotcheck\dobotcheck\acard.cpp(769): warning C4996: 'sprintf': This function or variable may be unsafe. Consider using sprintf_s instead. To disable deprecation, use _CRT_SECURE_NO_WARNINGS. See online help for details.
                 c:\program files (x86)\microsoft visual studio 10.0\vc\include\stdio.h(371) : 参见“sprintf”的声明
     1>c:\users\teng\working\dobotcheck\dobotcheck\acard.cpp(770): warning C4996: 'strcat': This function or variable may be unsafe. Consider using strcat_s instead. To disable deprecation, use _CRT_SECURE_NO_WARNINGS. See online help for details.
                 c:\program files (x86)\microsoft visual studio 10.0\vc\include\string.h(110) : 参见“strcat”的声明
     1>c:\users\teng\working\dobotcheck\dobotcheck\acard.cpp(779): warning C4996: 'sprintf': This function or variable may be unsafe. Consider using sprintf_s instead. To disable deprecation, use _CRT_SECURE_NO_WARNINGS. See online help for details.
                 c:\program files (x86)\microsoft visual studio 10.0\vc\include\stdio.h(371) : 参见“sprintf”的声明
     1>c:\users\teng\working\dobotcheck\dobotcheck\acard.cpp(780): warning C4996: 'strcat': This function or variable may be unsafe. Consider using strcat_s instead. To disable deprecation, use _CRT_SECURE_NO_WARNINGS. See online help for details.
                 c:\program files (x86)\microsoft visual studio 10.0\vc\include\string.h(110) : 参见“strcat”的声明
     1>c:\users\teng\working\dobotcheck\dobotcheck\acard.cpp(787): warning C4996: 'sprintf': This function or variable may be unsafe. Consider using sprintf_s instead. To disable deprecation, use _CRT_SECURE_NO_WARNINGS. See online help for details.
                 c:\program files (x86)\microsoft visual studio 10.0\vc\include\stdio.h(371) : 参见“sprintf”的声明
     1>c:\users\teng\working\dobotcheck\dobotcheck\acard.cpp(788): warning C4996: 'strcat': This function or variable may be unsafe. Consider using strcat_s instead. To disable deprecation, use _CRT_SECURE_NO_WARNINGS. See online help for details.
                 c:\program files (x86)\microsoft visual studio 10.0\vc\include\string.h(110) : 参见“strcat”的声明
     1>c:\users\teng\working\dobotcheck\dobotcheck\acard.cpp(790): warning C4996: 'sprintf': This function or variable may be unsafe. Consider using sprintf_s instead. To disable deprecation, use _CRT_SECURE_NO_WARNINGS. See online help for details.
                 c:\program files (x86)\microsoft visual studio 10.0\vc\include\stdio.h(371) : 参见“sprintf”的声明
     1>c:\users\teng\working\dobotcheck\dobotcheck\acard.cpp(791): warning C4996: 'strcat': This function or variable may be unsafe. Consider using strcat_s instead. To disable deprecation, use _CRT_SECURE_NO_WARNINGS. See online help for details.
                 c:\program files (x86)\microsoft visual studio 10.0\vc\include\string.h(110) : 参见“strcat”的声明
     1>c:\users\teng\working\dobotcheck\dobotcheck\acard.cpp(793): warning C4996: 'sprintf': This function or variable may be unsafe. Consider using sprintf_s instead. To disable deprecation, use _CRT_SECURE_NO_WARNINGS. See online help for details.
                 c:\program files (x86)\microsoft visual studio 10.0\vc\include\stdio.h(371) : 参见“sprintf”的声明
     1>c:\users\teng\working\dobotcheck\dobotcheck\acard.cpp(794): warning C4996: 'strcat': This function or variable may be unsafe. Consider using strcat_s instead. To disable deprecation, use _CRT_SECURE_NO_WARNINGS. See online help for details.
                 c:\program files (x86)\microsoft visual studio 10.0\vc\include\string.h(110) : 参见“strcat”的声明
     1>c:\users\teng\working\dobotcheck\dobotcheck\acard.cpp(796): warning C4996: 'sprintf': This function or variable may be unsafe. Consider using sprintf_s instead. To disable deprecation, use _CRT_SECURE_NO_WARNINGS. See online help for details.
                 c:\program files (x86)\microsoft visual studio 10.0\vc\include\stdio.h(371) : 参见“sprintf”的声明
     1>c:\users\teng\working\dobotcheck\dobotcheck\acard.cpp(797): warning C4996: 'strcat': This function or variable may be unsafe. Consider using strcat_s instead. To disable deprecation, use _CRT_SECURE_NO_WARNINGS. See online help for details.
                 c:\program files (x86)\microsoft visual studio 10.0\vc\include\string.h(110) : 参见“strcat”的声明
     1>c:\users\teng\working\dobotcheck\dobotcheck\acard.cpp(799): warning C4996: 'sprintf': This function or variable may be unsafe. Consider using sprintf_s instead. To disable deprecation, use _CRT_SECURE_NO_WARNINGS. See online help for details.
                 c:\program files (x86)\microsoft visual studio 10.0\vc\include\stdio.h(371) : 参见“sprintf”的声明
     1>c:\users\teng\working\dobotcheck\dobotcheck\acard.cpp(800): warning C4996: 'strcat': This function or variable may be unsafe. Consider using strcat_s instead. To disable deprecation, use _CRT_SECURE_NO_WARNINGS. See online help for details.
                 c:\program files (x86)\microsoft visual studio 10.0\vc\include\string.h(110) : 参见“strcat”的声明
     1>c:\users\teng\working\dobotcheck\dobotcheck\acard.cpp(802): warning C4996: 'sprintf': This function or variable may be unsafe. Consider using sprintf_s instead. To disable deprecation, use _CRT_SECURE_NO_WARNINGS. See online help for details.
                 c:\program files (x86)\microsoft visual studio 10.0\vc\include\stdio.h(371) : 参见“sprintf”的声明
     1>c:\users\teng\working\dobotcheck\dobotcheck\acard.cpp(803): warning C4996: 'strcat': This function or variable may be unsafe. Consider using strcat_s instead. To disable deprecation, use _CRT_SECURE_NO_WARNINGS. See online help for details.
                 c:\program files (x86)\microsoft visual studio 10.0\vc\include\string.h(110) : 参见“strcat”的声明
     1>c:\users\teng\working\dobotcheck\dobotcheck\acard.cpp(805): warning C4996: 'sprintf': This function or variable may be unsafe. Consider using sprintf_s instead. To disable deprecation, use _CRT_SECURE_NO_WARNINGS. See online help for details.
                 c:\program files (x86)\microsoft visual studio 10.0\vc\include\stdio.h(371) : 参见“sprintf”的声明
     1>c:\users\teng\working\dobotcheck\dobotcheck\acard.cpp(806): warning C4996: 'strcat': This function or variable may be unsafe. Consider using strcat_s instead. To disable deprecation, use _CRT_SECURE_NO_WARNINGS. See online help for details.
                 c:\program files (x86)\microsoft visual studio 10.0\vc\include\string.h(110) : 参见“strcat”的声明
     1>c:\users\teng\working\dobotcheck\dobotcheck\acard.cpp(807): warning C4996: 'sprintf': This function or variable may be unsafe. Consider using sprintf_s instead. To disable deprecation, use _CRT_SECURE_NO_WARNINGS. See online help for details.
                 c:\program files (x86)\microsoft visual studio 10.0\vc\include\stdio.h(371) : 参见“sprintf”的声明
     1>c:\users\teng\working\dobotcheck\dobotcheck\acard.cpp(808): warning C4996: 'strcat': This function or variable may be unsafe. Consider using strcat_s instead. To disable deprecation, use _CRT_SECURE_NO_WARNINGS. See online help for details.
                 c:\program files (x86)\microsoft visual studio 10.0\vc\include\string.h(110) : 参见“strcat”的声明
     1>c:\users\teng\working\dobotcheck\dobotcheck\acard.cpp(815): warning C4996: 'sprintf': This function or variable may be unsafe. Consider using sprintf_s instead. To disable deprecation, use _CRT_SECURE_NO_WARNINGS. See online help for details.
                 c:\program files (x86)\microsoft visual studio 10.0\vc\include\stdio.h(371) : 参见“sprintf”的声明
     1>c:\users\teng\working\dobotcheck\dobotcheck\acard.cpp(816): warning C4996: 'strcat': This function or variable may be unsafe. Consider using strcat_s instead. To disable deprecation, use _CRT_SECURE_NO_WARNINGS. See online help for details.
                 c:\program files (x86)\microsoft visual studio 10.0\vc\include\string.h(110) : 参见“strcat”的声明
     1>c:\users\teng\working\dobotcheck\dobotcheck\acard.cpp(825): warning C4996: 'sprintf': This function or variable may be unsafe. Consider using sprintf_s instead. To disable deprecation, use _CRT_SECURE_NO_WARNINGS. See online help for details.
                 c:\program files (x86)\microsoft visual studio 10.0\vc\include\stdio.h(371) : 参见“sprintf”的声明
     1>c:\users\teng\working\dobotcheck\dobotcheck\acard.cpp(826): warning C4996: 'strcat': This function or variable may be unsafe. Consider using strcat_s instead. To disable deprecation, use _CRT_SECURE_NO_WARNINGS. See online help for details.
                 c:\program files (x86)\microsoft visual studio 10.0\vc\include\string.h(110) : 参见“strcat”的声明
     1>c:\users\teng\working\dobotcheck\dobotcheck\acard.cpp(828): warning C4996: 'sprintf': This function or variable may be unsafe. Consider using sprintf_s instead. To disable deprecation, use _CRT_SECURE_NO_WARNINGS. See online help for details.
                 c:\program files (x86)\microsoft visual studio 10.0\vc\include\stdio.h(371) : 参见“sprintf”的声明
     1>c:\users\teng\working\dobotcheck\dobotcheck\acard.cpp(829): warning C4996: 'strcat': This function or variable may be unsafe. Consider using strcat_s instead. To disable deprecation, use _CRT_SECURE_NO_WARNINGS. See online help for details.
                 c:\program files (x86)\microsoft visual studio 10.0\vc\include\string.h(110) : 参见“strcat”的声明
     1>c:\users\teng\working\dobotcheck\dobotcheck\acard.cpp(831): warning C4996: 'sprintf': This function or variable may be unsafe. Consider using sprintf_s instead. To disable deprecation, use _CRT_SECURE_NO_WARNINGS. See online help for details.
                 c:\program files (x86)\microsoft visual studio 10.0\vc\include\stdio.h(371) : 参见“sprintf”的声明
     1>c:\users\teng\working\dobotcheck\dobotcheck\acard.cpp(832): warning C4996: 'strcat': This function or variable may be unsafe. Consider using strcat_s instead. To disable deprecation, use _CRT_SECURE_NO_WARNINGS. See online help for details.
                 c:\program files (x86)\microsoft visual studio 10.0\vc\include\string.h(110) : 参见“strcat”的声明
     1>c:\users\teng\working\dobotcheck\dobotcheck\acard.cpp(834): warning C4996: 'sprintf': This function or variable may be unsafe. Consider using sprintf_s instead. To disable deprecation, use _CRT_SECURE_NO_WARNINGS. See online help for details.
                 c:\program files (x86)\microsoft visual studio 10.0\vc\include\stdio.h(371) : 参见“sprintf”的声明
     1>c:\users\teng\working\dobotcheck\dobotcheck\acard.cpp(835): warning C4996: 'strcat': This function or variable may be unsafe. Consider using strcat_s instead. To disable deprecation, use _CRT_SECURE_NO_WARNINGS. See online help for details.
                 c:\program files (x86)\microsoft visual studio 10.0\vc\include\string.h(110) : 参见“strcat”的声明
     1>c:\users\teng\working\dobotcheck\dobotcheck\acard.cpp(846): warning C4996: 'sprintf': This function or variable may be unsafe. Consider using sprintf_s instead. To disable deprecation, use _CRT_SECURE_NO_WARNINGS. See online help for details.
                 c:\program files (x86)\microsoft visual studio 10.0\vc\include\stdio.h(371) : 参见“sprintf”的声明
     1>c:\users\teng\working\dobotcheck\dobotcheck\acard.cpp(847): warning C4996: 'strcat': This function or variable may be unsafe. Consider using strcat_s instead. To disable deprecation, use _CRT_SECURE_NO_WARNINGS. See online help for details.
                 c:\program files (x86)\microsoft visual studio 10.0\vc\include\string.h(110) : 参见“strcat”的声明
     1>c:\users\teng\working\dobotcheck\dobotcheck\acard.cpp(858): warning C4996: 'sprintf': This function or variable may be unsafe. Consider using sprintf_s instead. To disable deprecation, use _CRT_SECURE_NO_WARNINGS. See online help for details.
                 c:\program files (x86)\microsoft visual studio 10.0\vc\include\stdio.h(371) : 参见“sprintf”的声明
     1>c:\users\teng\working\dobotcheck\dobotcheck\acard.cpp(859): warning C4996: 'strcat': This function or variable may be unsafe. Consider using strcat_s instead. To disable deprecation, use _CRT_SECURE_NO_WARNINGS. See online help for details.
                 c:\program files (x86)\microsoft visual studio 10.0\vc\include\string.h(110) : 参见“strcat”的声明
     1>c:\users\teng\working\dobotcheck\dobotcheck\acard.cpp(870): warning C4996: 'sprintf': This function or variable may be unsafe. Consider using sprintf_s instead. To disable deprecation, use _CRT_SECURE_NO_WARNINGS. See online help for details.
                 c:\program files (x86)\microsoft visual studio 10.0\vc\include\stdio.h(371) : 参见“sprintf”的声明
     1>c:\users\teng\working\dobotcheck\dobotcheck\acard.cpp(871): warning C4996: 'strcat': This function or variable may be unsafe. Consider using strcat_s instead. To disable deprecation, use _CRT_SECURE_NO_WARNINGS. See online help for details.
                 c:\program files (x86)\microsoft visual studio 10.0\vc\include\string.h(110) : 参见“strcat”的声明
     1>c:\users\teng\working\dobotcheck\dobotcheck\acard.cpp(873): warning C4996: 'sprintf': This function or variable may be unsafe. Consider using sprintf_s instead. To disable deprecation, use _CRT_SECURE_NO_WARNINGS. See online help for details.
                 c:\program files (x86)\microsoft visual studio 10.0\vc\include\stdio.h(371) : 参见“sprintf”的声明
     1>c:\users\teng\working\dobotcheck\dobotcheck\acard.cpp(874): warning C4996: 'strcat': This function or variable may be unsafe. Consider using strcat_s instead. To disable deprecation, use _CRT_SECURE_NO_WARNINGS. See online help for details.
                 c:\program files (x86)\microsoft visual studio 10.0\vc\include\string.h(110) : 参见“strcat”的声明
     1>c:\users\teng\working\dobotcheck\dobotcheck\acard.cpp(876): warning C4996: 'sprintf': This function or variable may be unsafe. Consider using sprintf_s instead. To disable deprecation, use _CRT_SECURE_NO_WARNINGS. See online help for details.
                 c:\program files (x86)\microsoft visual studio 10.0\vc\include\stdio.h(371) : 参见“sprintf”的声明
     1>c:\users\teng\working\dobotcheck\dobotcheck\acard.cpp(877): warning C4996: 'strcat': This function or variable may be unsafe. Consider using strcat_s instead. To disable deprecation, use _CRT_SECURE_NO_WARNINGS. See online help for details.
                 c:\program files (x86)\microsoft visual studio 10.0\vc\include\string.h(110) : 参见“strcat”的声明
     1>c:\users\teng\working\dobotcheck\dobotcheck\acard.cpp(883): warning C4996: 'sprintf': This function or variable may be unsafe. Consider using sprintf_s instead. To disable deprecation, use _CRT_SECURE_NO_WARNINGS. See online help for details.
                 c:\program files (x86)\microsoft visual studio 10.0\vc\include\stdio.h(371) : 参见“sprintf”的声明
     1>c:\users\teng\working\dobotcheck\dobotcheck\acard.cpp(884): warning C4996: 'strcat': This function or variable may be unsafe. Consider using strcat_s instead. To disable deprecation, use _CRT_SECURE_NO_WARNINGS. See online help for details.
                 c:\program files (x86)\microsoft visual studio 10.0\vc\include\string.h(110) : 参见“strcat”的声明
     1>c:\users\teng\working\dobotcheck\dobotcheck\acard.cpp(890): warning C4996: 'sprintf': This function or variable may be unsafe. Consider using sprintf_s instead. To disable deprecation, use _CRT_SECURE_NO_WARNINGS. See online help for details.
                 c:\program files (x86)\microsoft visual studio 10.0\vc\include\stdio.h(371) : 参见“sprintf”的声明
     1>c:\users\teng\working\dobotcheck\dobotcheck\acard.cpp(891): warning C4996: 'strcat': This function or variable may be unsafe. Consider using strcat_s instead. To disable deprecation, use _CRT_SECURE_NO_WARNINGS. See online help for details.
                 c:\program files (x86)\microsoft visual studio 10.0\vc\include\string.h(110) : 参见“strcat”的声明
     1>c:\users\teng\working\dobotcheck\dobotcheck\acard.cpp(893): warning C4996: 'sprintf': This function or variable may be unsafe. Consider using sprintf_s instead. To disable deprecation, use _CRT_SECURE_NO_WARNINGS. See online help for details.
                 c:\program files (x86)\microsoft visual studio 10.0\vc\include\stdio.h(371) : 参见“sprintf”的声明
     1>c:\users\teng\working\dobotcheck\dobotcheck\acard.cpp(894): warning C4996: 'strcat': This function or variable may be unsafe. Consider using strcat_s instead. To disable deprecation, use _CRT_SECURE_NO_WARNINGS. See online help for details.
                 c:\program files (x86)\microsoft visual studio 10.0\vc\include\string.h(110) : 参见“strcat”的声明
     1>c:\users\teng\working\dobotcheck\dobotcheck\acard.cpp(898): warning C4996: 'sprintf': This function or variable may be unsafe. Consider using sprintf_s instead. To disable deprecation, use _CRT_SECURE_NO_WARNINGS. See online help for details.
                 c:\program files (x86)\microsoft visual studio 10.0\vc\include\stdio.h(371) : 参见“sprintf”的声明
     1>c:\users\teng\working\dobotcheck\dobotcheck\acard.cpp(899): warning C4996: 'strcat': This function or variable may be unsafe. Consider using strcat_s instead. To disable deprecation, use _CRT_SECURE_NO_WARNINGS. See online help for details.
                 c:\program files (x86)\microsoft visual studio 10.0\vc\include\string.h(110) : 参见“strcat”的声明
     1>c:\users\teng\working\dobotcheck\dobotcheck\acard.cpp(903): warning C4996: 'sprintf': This function or variable may be unsafe. Consider using sprintf_s instead. To disable deprecation, use _CRT_SECURE_NO_WARNINGS. See online help for details.
                 c:\program files (x86)\microsoft visual studio 10.0\vc\include\stdio.h(371) : 参见“sprintf”的声明
     1>c:\users\teng\working\dobotcheck\dobotcheck\acard.cpp(904): warning C4996: 'strcat': This function or variable may be unsafe. Consider using strcat_s instead. To disable deprecation, use _CRT_SECURE_NO_WARNINGS. See online help for details.
                 c:\program files (x86)\microsoft visual studio 10.0\vc\include\string.h(110) : 参见“strcat”的声明
     1>c:\users\teng\working\dobotcheck\dobotcheck\acard.cpp(908): warning C4996: 'sprintf': This function or variable may be unsafe. Consider using sprintf_s instead. To disable deprecation, use _CRT_SECURE_NO_WARNINGS. See online help for details.
                 c:\program files (x86)\microsoft visual studio 10.0\vc\include\stdio.h(371) : 参见“sprintf”的声明
     1>c:\users\teng\working\dobotcheck\dobotcheck\acard.cpp(909): warning C4996: 'strcat': This function or variable may be unsafe. Consider using strcat_s instead. To disable deprecation, use _CRT_SECURE_NO_WARNINGS. See online help for details.
                 c:\program files (x86)\microsoft visual studio 10.0\vc\include\string.h(110) : 参见“strcat”的声明
     1>c:\users\teng\working\dobotcheck\dobotcheck\acard.cpp(911): warning C4996: 'sprintf': This function or variable may be unsafe. Consider using sprintf_s instead. To disable deprecation, use _CRT_SECURE_NO_WARNINGS. See online help for details.
                 c:\program files (x86)\microsoft visual studio 10.0\vc\include\stdio.h(371) : 参见“sprintf”的声明
     1>c:\users\teng\working\dobotcheck\dobotcheck\acard.cpp(912): warning C4996: 'strcat': This function or variable may be unsafe. Consider using strcat_s instead. To disable deprecation, use _CRT_SECURE_NO_WARNINGS. See online help for details.
                 c:\program files (x86)\microsoft visual studio 10.0\vc\include\string.h(110) : 参见“strcat”的声明
     1>c:\users\teng\working\dobotcheck\dobotcheck\acard.cpp(914): warning C4996: 'sprintf': This function or variable may be unsafe. Consider using sprintf_s instead. To disable deprecation, use _CRT_SECURE_NO_WARNINGS. See online help for details.
                 c:\program files (x86)\microsoft visual studio 10.0\vc\include\stdio.h(371) : 参见“sprintf”的声明
     1>c:\users\teng\working\dobotcheck\dobotcheck\acard.cpp(915): warning C4996: 'strcat': This function or variable may be unsafe. Consider using strcat_s instead. To disable deprecation, use _CRT_SECURE_NO_WARNINGS. See online help for details.
                 c:\program files (x86)\microsoft visual studio 10.0\vc\include\string.h(110) : 参见“strcat”的声明
     1>c:\users\teng\working\dobotcheck\dobotcheck\acard.cpp(917): warning C4996: 'sprintf': This function or variable may be unsafe. Consider using sprintf_s instead. To disable deprecation, use _CRT_SECURE_NO_WARNINGS. See online help for details.
                 c:\program files (x86)\microsoft visual studio 10.0\vc\include\stdio.h(371) : 参见“sprintf”的声明
     1>c:\users\teng\working\dobotcheck\dobotcheck\acard.cpp(918): warning C4996: 'strcat': This function or variable may be unsafe. Consider using strcat_s instead. To disable deprecation, use _CRT_SECURE_NO_WARNINGS. See online help for details.
                 c:\program files (x86)\microsoft visual studio 10.0\vc\include\string.h(110) : 参见“strcat”的声明
     1>c:\users\teng\working\dobotcheck\dobotcheck\acard.cpp(920): warning C4996: 'sprintf': This function or variable may be unsafe. Consider using sprintf_s instead. To disable deprecation, use _CRT_SECURE_NO_WARNINGS. See online help for details.
                 c:\program files (x86)\microsoft visual studio 10.0\vc\include\stdio.h(371) : 参见“sprintf”的声明
     1>c:\users\teng\working\dobotcheck\dobotcheck\acard.cpp(921): warning C4996: 'strcat': This function or variable may be unsafe. Consider using strcat_s instead. To disable deprecation, use _CRT_SECURE_NO_WARNINGS. See online help for details.
                 c:\program files (x86)\microsoft visual studio 10.0\vc\include\string.h(110) : 参见“strcat”的声明
     1>c:\users\teng\working\dobotcheck\dobotcheck\acard.cpp(923): warning C4996: 'sprintf': This function or variable may be unsafe. Consider using sprintf_s instead. To disable deprecation, use _CRT_SECURE_NO_WARNINGS. See online help for details.
                 c:\program files (x86)\microsoft visual studio 10.0\vc\include\stdio.h(371) : 参见“sprintf”的声明
     1>c:\users\teng\working\dobotcheck\dobotcheck\acard.cpp(924): warning C4996: 'strcat': This function or variable may be unsafe. Consider using strcat_s instead. To disable deprecation, use _CRT_SECURE_NO_WARNINGS. See online help for details.
                 c:\program files (x86)\microsoft visual studio 10.0\vc\include\string.h(110) : 参见“strcat”的声明
     1>c:\users\teng\working\dobotcheck\dobotcheck\acard.cpp(926): warning C4996: 'sprintf': This function or variable may be unsafe. Consider using sprintf_s instead. To disable deprecation, use _CRT_SECURE_NO_WARNINGS. See online help for details.
                 c:\program files (x86)\microsoft visual studio 10.0\vc\include\stdio.h(371) : 参见“sprintf”的声明
     1>c:\users\teng\working\dobotcheck\dobotcheck\acard.cpp(927): warning C4996: 'strcat': This function or variable may be unsafe. Consider using strcat_s instead. To disable deprecation, use _CRT_SECURE_NO_WARNINGS. See online help for details.
                 c:\program files (x86)\microsoft visual studio 10.0\vc\include\string.h(110) : 参见“strcat”的声明
     1>c:\users\teng\working\dobotcheck\dobotcheck\acard.cpp(929): warning C4996: 'sprintf': This function or variable may be unsafe. Consider using sprintf_s instead. To disable deprecation, use _CRT_SECURE_NO_WARNINGS. See online help for details.
                 c:\program files (x86)\microsoft visual studio 10.0\vc\include\stdio.h(371) : 参见“sprintf”的声明
     1>c:\users\teng\working\dobotcheck\dobotcheck\acard.cpp(930): warning C4996: 'strcat': This function or variable may be unsafe. Consider using strcat_s instead. To disable deprecation, use _CRT_SECURE_NO_WARNINGS. See online help for details.
                 c:\program files (x86)\microsoft visual studio 10.0\vc\include\string.h(110) : 参见“strcat”的声明
     1>c:\users\teng\working\dobotcheck\dobotcheck\acard.cpp(932): warning C4996: 'sprintf': This function or variable may be unsafe. Consider using sprintf_s instead. To disable deprecation, use _CRT_SECURE_NO_WARNINGS. See online help for details.
                 c:\program files (x86)\microsoft visual studio 10.0\vc\include\stdio.h(371) : 参见“sprintf”的声明
     1>c:\users\teng\working\dobotcheck\dobotcheck\acard.cpp(933): warning C4996: 'strcat': This function or variable may be unsafe. Consider using strcat_s instead. To disable deprecation, use _CRT_SECURE_NO_WARNINGS. See online help for details.
                 c:\program files (x86)\microsoft visual studio 10.0\vc\include\string.h(110) : 参见“strcat”的声明
     1>c:\users\teng\working\dobotcheck\dobotcheck\acard.cpp(986): warning C4101: “SendDataLen”: 未引用的局部变量
     1>c:\users\teng\working\dobotcheck\dobotcheck\acard.cpp(986): warning C4101: “Cmd”: 未引用的局部变量
     1>c:\users\teng\working\dobotcheck\dobotcheck\acard.cpp(986): warning C4101: “RetCode”: 未引用的局部变量
     1>c:\users\teng\working\dobotcheck\dobotcheck\acard.cpp(986): warning C4101: “RecvDataLen”: 未引用的局部变量
     1>c:\users\teng\working\dobotcheck\dobotcheck\acard.cpp(985): warning C4101: “nRtn”: 未引用的局部变量
     1>c:\users\teng\working\dobotcheck\dobotcheck\acard.cpp(1079): warning C4101: “SendDataLen”: 未引用的局部变量
     1>c:\users\teng\working\dobotcheck\dobotcheck\acard.cpp(1079): warning C4101: “Cmd”: 未引用的局部变量
     1>c:\users\teng\working\dobotcheck\dobotcheck\acard.cpp(1079): warning C4101: “RetCode”: 未引用的局部变量
     1>c:\users\teng\working\dobotcheck\dobotcheck\acard.cpp(1079): warning C4101: “RecvDataLen”: 未引用的局部变量
     1>c:\users\teng\working\dobotcheck\dobotcheck\acard.cpp(1078): warning C4101: “nRtn”: 未引用的局部变量
         正在生成代码...
         正在跳过...(未检测到相关更改)
         ModifyDlg.cpp
         DownloadSettingDlg.cpp
       ResourceCompile:
         C:\Program Files (x86)\Microsoft SDKs\Windows\v7.0A\bin\rc.exe /D _DEBUG /l"0x0804" /IDebug\ /nologo /fo"Debug\DobotCheck.res" DobotCheck.rc 
       ManifestResourceCompile:
         所有输出均为最新。
       Link:
         C:\Program Files (x86)\Microsoft Visual Studio 10.0\VC\bin\link.exe /ERRORREPORT:PROMPT /OUT:"C:\Users\teng\working\DobotCheck\Debug\DobotCheck.exe" /INCREMENTAL /NOLOGO /MANIFEST /ManifestFile:"Debug\DobotCheck.exe.intermediate.manifest" /MANIFESTUAC:"level='asInvoker' uiAccess='false'" /DEBUG /PDB:"C:\Users\teng\working\DobotCheck\Debug\DobotCheck.pdb" /SUBSYSTEM:WINDOWS /TLBID:1 /DYNAMICBASE /NXCOMPAT /IMPLIB:"C:\Users\teng\working\DobotCheck\Debug\DobotCheck.lib" /MACHINE:X86 Debug\DobotCheck.res
         Debug\DobotCheck.exe.embed.manifest.res
         Debug\ACard.obj
         Debug\Comm.obj
         Debug\DobotCheck.obj
         Debug\DobotCheckDlg.obj
         Debug\DownloadSettingDlg.obj
         Debug\FlashCard.obj
         Debug\FlashFileNameDlg.obj
         Debug\MarkLocationDlg.obj
         Debug\ModifyDlg.obj
         Debug\OperDobot.obj
         Debug\OperDobot2.obj
         Debug\PressureCard.obj
         Debug\PressureCardNew.obj
         Debug\ScandOP.obj
         Debug\ScandReading.obj
         Debug\stdafx.obj
         LINK : 没有找到 C:\Users\teng\working\DobotCheck\Debug\DobotCheck.exe 或上一个增量链接没有生成它；正在执行完全链接
       Manifest:
         C:\Program Files (x86)\Microsoft SDKs\Windows\v7.0A\bin\mt.exe /nologo /verbose /out:"Debug\DobotCheck.exe.embed.manifest" /manifest Debug\DobotCheck.exe.intermediate.manifest "C:\Program Files (x86)\Microsoft Visual Studio 10.0\VC\Include\Manifest\dpiaware.manifest"
         所有输出均为最新。
       LinkEmbedManifest:
         所有输出均为最新。
         DobotCheck.vcxproj -> C:\Users\teng\working\DobotCheck\Debug\DobotCheck.exe
       FinalizeBuildStatus:
         正在删除文件“Debug\DobotCheck.unsuccessfulbuild”。
         正在对“Debug\DobotCheck.lastbuildstate”执行 Touch 任务。
     1>已完成生成项目“C:\Users\teng\working\DobotCheck\DobotCheck\DobotCheck.vcxproj”(build 个目标)的操作。

生成成功。

已用时间 00:00:14.90
