C:\USERS\TENG\WORKING\DOBOTCHECK\DEBUG\DOBOTCHECK.EXE
C:\USERS\TENG\WORKING\DOBOTCHECK\DEBUG\DOBOTCHECK.ILK
C:\USERS\TENG\WORKING\DOBOTCHECK\DEBUG\DOBOTCHECK.PDB
C:\USERS\TENG\WORKING\DOBOTCHECK\DOBOTCHECK\DEBUG\ACARD.OBJ
C:\Users\teng\working\DobotCheck\DobotCheck\Debug\cl.command.1.tlog
C:\Users\teng\working\DobotCheck\DobotCheck\Debug\CL.read.1.tlog
C:\Users\teng\working\DobotCheck\DobotCheck\Debug\CL.write.1.tlog
C:\USERS\TENG\WORKING\DOBOTCHECK\DOBOTCHECK\DEBUG\COMM.OBJ
C:\USERS\TENG\WORKING\DOBOTCHECK\DOBOTCHECK\DEBUG\DOBOTCHECK.EXE.EMBED.MANIFEST
C:\USERS\TENG\WORKING\DOBOTCHECK\DOBOTCHECK\DEBUG\DOBOTCHECK.EXE.EMBED.MANIFEST.RES
C:\USERS\TENG\WORKING\DOBOTCHECK\DOBOTCHECK\DEBUG\DOBOTCHECK.EXE.INTERMEDIATE.MANIFEST
C:\USERS\TENG\WORKING\DOBOTCHECK\DOBOTCHECK\DEBUG\DOBOTCHECK.OBJ
C:\USERS\TENG\WORKING\DOBOTCHECK\DOBOTCHECK\DEBUG\DOBOTCHECK.PCH
C:\USERS\TENG\WORKING\DOBOTCHECK\DOBOTCHECK\DEBUG\DOBOTCHECK.RES
C:\Users\teng\working\DobotCheck\DobotCheck\Debug\DobotCheck.vcxprojResolveAssemblyReference.cache
C:\Users\teng\working\DobotCheck\DobotCheck\Debug\DobotCheck.write.1.tlog
C:\Users\teng\working\DobotCheck\DobotCheck\Debug\DobotCheck_manifest.rc
C:\USERS\TENG\WORKING\DOBOTCHECK\DOBOTCHECK\DEBUG\DOBOTCHECKDLG.OBJ
C:\USERS\TENG\WORKING\DOBOTCHECK\DOBOTCHECK\DEBUG\DOWNLOADSETTINGDLG.OBJ
C:\USERS\TENG\WORKING\DOBOTCHECK\DOBOTCHECK\DEBUG\FLASHCARD.OBJ
C:\USERS\TENG\WORKING\DOBOTCHECK\DOBOTCHECK\DEBUG\FLASHFILENAMEDLG.OBJ
C:\Users\teng\working\DobotCheck\DobotCheck\Debug\link.2544.read.1.tlog
C:\Users\teng\working\DobotCheck\DobotCheck\Debug\link.2544.write.1.tlog
C:\Users\teng\working\DobotCheck\DobotCheck\Debug\link.2544-cvtres.read.1.tlog
C:\Users\teng\working\DobotCheck\DobotCheck\Debug\link.2544-cvtres.write.1.tlog
C:\Users\teng\working\DobotCheck\DobotCheck\Debug\link.4072.read.1.tlog
C:\Users\teng\working\DobotCheck\DobotCheck\Debug\link.4072.write.1.tlog
C:\Users\teng\working\DobotCheck\DobotCheck\Debug\link.4072-cvtres.read.1.tlog
C:\Users\teng\working\DobotCheck\DobotCheck\Debug\link.4072-cvtres.write.1.tlog
C:\Users\teng\working\DobotCheck\DobotCheck\Debug\link.6432.read.1.tlog
C:\Users\teng\working\DobotCheck\DobotCheck\Debug\link.6432.write.1.tlog
C:\Users\teng\working\DobotCheck\DobotCheck\Debug\link.6432-cvtres.read.1.tlog
C:\Users\teng\working\DobotCheck\DobotCheck\Debug\link.6432-cvtres.write.1.tlog
C:\Users\teng\working\DobotCheck\DobotCheck\Debug\link.7996.read.1.tlog
C:\Users\teng\working\DobotCheck\DobotCheck\Debug\link.7996.write.1.tlog
C:\Users\teng\working\DobotCheck\DobotCheck\Debug\link.7996-cvtres.read.1.tlog
C:\Users\teng\working\DobotCheck\DobotCheck\Debug\link.7996-cvtres.write.1.tlog
C:\Users\teng\working\DobotCheck\DobotCheck\Debug\link.8920.read.1.tlog
C:\Users\teng\working\DobotCheck\DobotCheck\Debug\link.8920.write.1.tlog
C:\Users\teng\working\DobotCheck\DobotCheck\Debug\link.8920-cvtres.read.1.tlog
C:\Users\teng\working\DobotCheck\DobotCheck\Debug\link.8920-cvtres.write.1.tlog
C:\Users\teng\working\DobotCheck\DobotCheck\Debug\link.command.1.tlog
C:\Users\teng\working\DobotCheck\DobotCheck\Debug\link.read.1.tlog
C:\Users\teng\working\DobotCheck\DobotCheck\Debug\link.write.1.tlog
C:\Users\teng\working\DobotCheck\DobotCheck\Debug\link-cvtres.read.1.tlog
C:\Users\teng\working\DobotCheck\DobotCheck\Debug\link-cvtres.write.1.tlog
C:\USERS\TENG\WORKING\DOBOTCHECK\DOBOTCHECK\DEBUG\MARKLOCATIONDLG.OBJ
C:\USERS\TENG\WORKING\DOBOTCHECK\DOBOTCHECK\DEBUG\MODIFYDLG.OBJ
C:\Users\teng\working\DobotCheck\DobotCheck\Debug\mt.command.1.tlog
C:\Users\teng\working\DobotCheck\DobotCheck\Debug\mt.read.1.tlog
C:\Users\teng\working\DobotCheck\DobotCheck\Debug\mt.write.1.tlog
C:\USERS\TENG\WORKING\DOBOTCHECK\DOBOTCHECK\DEBUG\OPERDOBOT.OBJ
C:\USERS\TENG\WORKING\DOBOTCHECK\DOBOTCHECK\DEBUG\OPERDOBOT2.OBJ
C:\USERS\TENG\WORKING\DOBOTCHECK\DOBOTCHECK\DEBUG\PRESSURECARD.OBJ
C:\USERS\TENG\WORKING\DOBOTCHECK\DOBOTCHECK\DEBUG\PRESSURECARDNEW.OBJ
C:\Users\teng\working\DobotCheck\DobotCheck\Debug\rc.command.1.tlog
C:\Users\teng\working\DobotCheck\DobotCheck\Debug\rc.read.1.tlog
C:\Users\teng\working\DobotCheck\DobotCheck\Debug\rc.write.1.tlog
C:\USERS\TENG\WORKING\DOBOTCHECK\DOBOTCHECK\DEBUG\SCANDOP.OBJ
C:\USERS\TENG\WORKING\DOBOTCHECK\DOBOTCHECK\DEBUG\SCANDREADING.OBJ
C:\USERS\TENG\WORKING\DOBOTCHECK\DOBOTCHECK\DEBUG\STDAFX.OBJ
C:\Users\teng\working\DobotCheck\DobotCheck\Debug\vc100.idb
C:\USERS\TENG\WORKING\DOBOTCHECK\DOBOTCHECK\DEBUG\VC100.PDB
