生成启动时间为 2016/11/24 9:18:41。
     1>项目“C:\Users\teng\working\DobotCheck\DobotCheck\DobotCheck.vcxproj”在节点 2 上(build 个目标)。
     1>InitializeBuildStatus:
         正在创建“Release\DobotCheck.unsuccessfulbuild”，因为已指定“AlwaysCreate”。
       ClCompile:
         所有输出均为最新。
         C:\Program Files (x86)\Microsoft Visual Studio 10.0\VC\bin\CL.exe /c /Zi /nologo /W3 /WX- /O2 /Oi /Oy- /GL /D WIN32 /D _WINDOWS /D NDEBUG /D _MBCS /Gm- /EHsc /MT /GS /Gy /fp:precise /Zc:wchar_t /Zc:forScope /Yu"StdAfx.h" /Fp"Release\DobotCheck.pch" /Fo"Release\\" /Fd"Release\vc100.pdb" /Gd /TP /analyze- /errorReport:prompt DobotCheck.cpp DobotCheckDlg.cpp FlashCard.cpp MarkLocationDlg.cpp OperDobot.cpp OperDobot2.cpp PressureCard.cpp PressureCardNew.cpp ScandOP.cpp ScandReading.cpp common\serialport.cpp
         DobotCheck.cpp
     1>c:\users\teng\working\dobotcheck\dobotcheck\common\utility.h(197): warning C4996: 'stricmp': The POSIX name for this item is deprecated. Instead, use the ISO C++ conformant name: _stricmp. See online help for details.
                 C:\Program Files (x86)\Microsoft Visual Studio 10.0\VC\include\string.h(246) : 参见“stricmp”的声明
         DobotCheckDlg.cpp
     1>c:\users\teng\working\dobotcheck\dobotcheck\common\utility.h(197): warning C4996: 'stricmp': The POSIX name for this item is deprecated. Instead, use the ISO C++ conformant name: _stricmp. See online help for details.
                 C:\Program Files (x86)\Microsoft Visual Studio 10.0\VC\include\string.h(246) : 参见“stricmp”的声明
     1>DobotCheckDlg.cpp(213): warning C4996: 'strcpy': This function or variable may be unsafe. Consider using strcpy_s instead. To disable deprecation, use _CRT_SECURE_NO_WARNINGS. See online help for details.
                 C:\Program Files (x86)\Microsoft Visual Studio 10.0\VC\include\string.h(105) : 参见“strcpy”的声明
     1>DobotCheckDlg.cpp(325): warning C4996: 'sprintf': This function or variable may be unsafe. Consider using sprintf_s instead. To disable deprecation, use _CRT_SECURE_NO_WARNINGS. See online help for details.
                 C:\Program Files (x86)\Microsoft Visual Studio 10.0\VC\include\stdio.h(371) : 参见“sprintf”的声明
     1>DobotCheckDlg.cpp(327): warning C4996: 'sprintf': This function or variable may be unsafe. Consider using sprintf_s instead. To disable deprecation, use _CRT_SECURE_NO_WARNINGS. See online help for details.
                 C:\Program Files (x86)\Microsoft Visual Studio 10.0\VC\include\stdio.h(371) : 参见“sprintf”的声明
     1>DobotCheckDlg.cpp(329): warning C4996: 'sprintf': This function or variable may be unsafe. Consider using sprintf_s instead. To disable deprecation, use _CRT_SECURE_NO_WARNINGS. See online help for details.
                 C:\Program Files (x86)\Microsoft Visual Studio 10.0\VC\include\stdio.h(371) : 参见“sprintf”的声明
     1>DobotCheckDlg.cpp(331): warning C4996: 'sprintf': This function or variable may be unsafe. Consider using sprintf_s instead. To disable deprecation, use _CRT_SECURE_NO_WARNINGS. See online help for details.
                 C:\Program Files (x86)\Microsoft Visual Studio 10.0\VC\include\stdio.h(371) : 参见“sprintf”的声明
     1>DobotCheckDlg.cpp(333): warning C4996: 'sprintf': This function or variable may be unsafe. Consider using sprintf_s instead. To disable deprecation, use _CRT_SECURE_NO_WARNINGS. See online help for details.
                 C:\Program Files (x86)\Microsoft Visual Studio 10.0\VC\include\stdio.h(371) : 参见“sprintf”的声明
     1>DobotCheckDlg.cpp(335): warning C4996: 'sprintf': This function or variable may be unsafe. Consider using sprintf_s instead. To disable deprecation, use _CRT_SECURE_NO_WARNINGS. See online help for details.
                 C:\Program Files (x86)\Microsoft Visual Studio 10.0\VC\include\stdio.h(371) : 参见“sprintf”的声明
     1>DobotCheckDlg.cpp(337): warning C4996: 'sprintf': This function or variable may be unsafe. Consider using sprintf_s instead. To disable deprecation, use _CRT_SECURE_NO_WARNINGS. See online help for details.
                 C:\Program Files (x86)\Microsoft Visual Studio 10.0\VC\include\stdio.h(371) : 参见“sprintf”的声明
     1>DobotCheckDlg.cpp(339): warning C4996: 'sprintf': This function or variable may be unsafe. Consider using sprintf_s instead. To disable deprecation, use _CRT_SECURE_NO_WARNINGS. See online help for details.
                 C:\Program Files (x86)\Microsoft Visual Studio 10.0\VC\include\stdio.h(371) : 参见“sprintf”的声明
     1>DobotCheckDlg.cpp(341): warning C4996: 'sprintf': This function or variable may be unsafe. Consider using sprintf_s instead. To disable deprecation, use _CRT_SECURE_NO_WARNINGS. See online help for details.
                 C:\Program Files (x86)\Microsoft Visual Studio 10.0\VC\include\stdio.h(371) : 参见“sprintf”的声明
     1>DobotCheckDlg.cpp(343): warning C4996: 'sprintf': This function or variable may be unsafe. Consider using sprintf_s instead. To disable deprecation, use _CRT_SECURE_NO_WARNINGS. See online help for details.
                 C:\Program Files (x86)\Microsoft Visual Studio 10.0\VC\include\stdio.h(371) : 参见“sprintf”的声明
     1>DobotCheckDlg.cpp(348): warning C4996: 'sprintf': This function or variable may be unsafe. Consider using sprintf_s instead. To disable deprecation, use _CRT_SECURE_NO_WARNINGS. See online help for details.
                 C:\Program Files (x86)\Microsoft Visual Studio 10.0\VC\include\stdio.h(371) : 参见“sprintf”的声明
     1>DobotCheckDlg.cpp(615): warning C4800: “int”: 将值强制为布尔值“true”或“false”(性能警告)
     1>DobotCheckDlg.cpp(620): warning C4800: “int”: 将值强制为布尔值“true”或“false”(性能警告)
     1>DobotCheckDlg.cpp(625): warning C4800: “int”: 将值强制为布尔值“true”或“false”(性能警告)
     1>DobotCheckDlg.cpp(630): warning C4800: “int”: 将值强制为布尔值“true”或“false”(性能警告)
         FlashCard.cpp
     1>c:\users\teng\working\dobotcheck\dobotcheck\common\utility.h(197): warning C4996: 'stricmp': The POSIX name for this item is deprecated. Instead, use the ISO C++ conformant name: _stricmp. See online help for details.
                 C:\Program Files (x86)\Microsoft Visual Studio 10.0\VC\include\string.h(246) : 参见“stricmp”的声明
     1>FlashCard.cpp(183): warning C4244: “参数”: 从“float”转换到“DWORD”，可能丢失数据
     1>FlashCard.cpp(226): warning C4244: “参数”: 从“float”转换到“DWORD”，可能丢失数据
     1>FlashCard.cpp(239): warning C4244: “参数”: 从“float”转换到“DWORD”，可能丢失数据
     1>FlashCard.cpp(252): warning C4244: “参数”: 从“float”转换到“DWORD”，可能丢失数据
     1>FlashCard.cpp(276): warning C4996: 'sprintf': This function or variable may be unsafe. Consider using sprintf_s instead. To disable deprecation, use _CRT_SECURE_NO_WARNINGS. See online help for details.
                 C:\Program Files (x86)\Microsoft Visual Studio 10.0\VC\include\stdio.h(371) : 参见“sprintf”的声明
     1>FlashCard.cpp(356): warning C4244: “=”: 从“double”转换到“float”，可能丢失数据
     1>FlashCard.cpp(361): warning C4244: “=”: 从“double”转换到“float”，可能丢失数据
     1>FlashCard.cpp(366): warning C4244: “=”: 从“double”转换到“float”，可能丢失数据
     1>FlashCard.cpp(371): warning C4244: “=”: 从“double”转换到“float”，可能丢失数据
     1>FlashCard.cpp(376): warning C4244: “=”: 从“double”转换到“float”，可能丢失数据
     1>FlashCard.cpp(381): warning C4244: “=”: 从“double”转换到“float”，可能丢失数据
     1>FlashCard.cpp(386): warning C4244: “=”: 从“double”转换到“float”，可能丢失数据
     1>FlashCard.cpp(391): warning C4244: “=”: 从“double”转换到“float”，可能丢失数据
         MarkLocationDlg.cpp
     1>c:\users\teng\working\dobotcheck\dobotcheck\common\utility.h(197): warning C4996: 'stricmp': The POSIX name for this item is deprecated. Instead, use the ISO C++ conformant name: _stricmp. See online help for details.
                 C:\Program Files (x86)\Microsoft Visual Studio 10.0\VC\include\string.h(246) : 参见“stricmp”的声明
     1>MarkLocationDlg.cpp(137): warning C4996: 'sprintf': This function or variable may be unsafe. Consider using sprintf_s instead. To disable deprecation, use _CRT_SECURE_NO_WARNINGS. See online help for details.
                 C:\Program Files (x86)\Microsoft Visual Studio 10.0\VC\include\stdio.h(371) : 参见“sprintf”的声明
     1>MarkLocationDlg.cpp(139): warning C4996: 'sprintf': This function or variable may be unsafe. Consider using sprintf_s instead. To disable deprecation, use _CRT_SECURE_NO_WARNINGS. See online help for details.
                 C:\Program Files (x86)\Microsoft Visual Studio 10.0\VC\include\stdio.h(371) : 参见“sprintf”的声明
     1>MarkLocationDlg.cpp(141): warning C4996: 'sprintf': This function or variable may be unsafe. Consider using sprintf_s instead. To disable deprecation, use _CRT_SECURE_NO_WARNINGS. See online help for details.
                 C:\Program Files (x86)\Microsoft Visual Studio 10.0\VC\include\stdio.h(371) : 参见“sprintf”的声明
     1>MarkLocationDlg.cpp(143): warning C4996: 'sprintf': This function or variable may be unsafe. Consider using sprintf_s instead. To disable deprecation, use _CRT_SECURE_NO_WARNINGS. See online help for details.
                 C:\Program Files (x86)\Microsoft Visual Studio 10.0\VC\include\stdio.h(371) : 参见“sprintf”的声明
     1>MarkLocationDlg.cpp(145): warning C4996: 'sprintf': This function or variable may be unsafe. Consider using sprintf_s instead. To disable deprecation, use _CRT_SECURE_NO_WARNINGS. See online help for details.
                 C:\Program Files (x86)\Microsoft Visual Studio 10.0\VC\include\stdio.h(371) : 参见“sprintf”的声明
     1>MarkLocationDlg.cpp(147): warning C4996: 'sprintf': This function or variable may be unsafe. Consider using sprintf_s instead. To disable deprecation, use _CRT_SECURE_NO_WARNINGS. See online help for details.
                 C:\Program Files (x86)\Microsoft Visual Studio 10.0\VC\include\stdio.h(371) : 参见“sprintf”的声明
     1>MarkLocationDlg.cpp(149): warning C4996: 'sprintf': This function or variable may be unsafe. Consider using sprintf_s instead. To disable deprecation, use _CRT_SECURE_NO_WARNINGS. See online help for details.
                 C:\Program Files (x86)\Microsoft Visual Studio 10.0\VC\include\stdio.h(371) : 参见“sprintf”的声明
     1>MarkLocationDlg.cpp(151): warning C4996: 'sprintf': This function or variable may be unsafe. Consider using sprintf_s instead. To disable deprecation, use _CRT_SECURE_NO_WARNINGS. See online help for details.
                 C:\Program Files (x86)\Microsoft Visual Studio 10.0\VC\include\stdio.h(371) : 参见“sprintf”的声明
     1>MarkLocationDlg.cpp(153): warning C4996: 'sprintf': This function or variable may be unsafe. Consider using sprintf_s instead. To disable deprecation, use _CRT_SECURE_NO_WARNINGS. See online help for details.
                 C:\Program Files (x86)\Microsoft Visual Studio 10.0\VC\include\stdio.h(371) : 参见“sprintf”的声明
     1>MarkLocationDlg.cpp(155): warning C4996: 'sprintf': This function or variable may be unsafe. Consider using sprintf_s instead. To disable deprecation, use _CRT_SECURE_NO_WARNINGS. See online help for details.
                 C:\Program Files (x86)\Microsoft Visual Studio 10.0\VC\include\stdio.h(371) : 参见“sprintf”的声明
     1>MarkLocationDlg.cpp(184): warning C4244: “=”: 从“double”转换到“float”，可能丢失数据
     1>MarkLocationDlg.cpp(189): warning C4244: “=”: 从“double”转换到“float”，可能丢失数据
     1>MarkLocationDlg.cpp(194): warning C4244: “=”: 从“double”转换到“float”，可能丢失数据
     1>MarkLocationDlg.cpp(207): warning C4244: “=”: 从“double”转换到“float”，可能丢失数据
     1>MarkLocationDlg.cpp(212): warning C4244: “=”: 从“double”转换到“float”，可能丢失数据
     1>MarkLocationDlg.cpp(217): warning C4244: “=”: 从“double”转换到“float”，可能丢失数据
     1>MarkLocationDlg.cpp(222): warning C4244: “=”: 从“double”转换到“float”，可能丢失数据
     1>MarkLocationDlg.cpp(233): warning C4244: “=”: 从“double”转换到“float”，可能丢失数据
     1>MarkLocationDlg.cpp(237): warning C4244: “=”: 从“double”转换到“float”，可能丢失数据
     1>MarkLocationDlg.cpp(242): warning C4244: “=”: 从“double”转换到“float”，可能丢失数据
     1>MarkLocationDlg.cpp(253): warning C4244: “=”: 从“double”转换到“float”，可能丢失数据
     1>MarkLocationDlg.cpp(258): warning C4244: “=”: 从“double”转换到“float”，可能丢失数据
     1>MarkLocationDlg.cpp(263): warning C4244: “=”: 从“double”转换到“float”，可能丢失数据
         OperDobot.cpp
     1>c:\users\teng\working\dobotcheck\dobotcheck\common\utility.h(197): warning C4996: 'stricmp': The POSIX name for this item is deprecated. Instead, use the ISO C++ conformant name: _stricmp. See online help for details.
                 C:\Program Files (x86)\Microsoft Visual Studio 10.0\VC\include\string.h(246) : 参见“stricmp”的声明
     1>OperDobot.cpp(32): warning C4996: 'sprintf': This function or variable may be unsafe. Consider using sprintf_s instead. To disable deprecation, use _CRT_SECURE_NO_WARNINGS. See online help for details.
                 C:\Program Files (x86)\Microsoft Visual Studio 10.0\VC\include\stdio.h(371) : 参见“sprintf”的声明
     1>OperDobot.cpp(65): warning C4996: 'sprintf': This function or variable may be unsafe. Consider using sprintf_s instead. To disable deprecation, use _CRT_SECURE_NO_WARNINGS. See online help for details.
                 C:\Program Files (x86)\Microsoft Visual Studio 10.0\VC\include\stdio.h(371) : 参见“sprintf”的声明
     1>OperDobot.cpp(122): warning C4996: 'sprintf': This function or variable may be unsafe. Consider using sprintf_s instead. To disable deprecation, use _CRT_SECURE_NO_WARNINGS. See online help for details.
                 C:\Program Files (x86)\Microsoft Visual Studio 10.0\VC\include\stdio.h(371) : 参见“sprintf”的声明
     1>OperDobot.cpp(233): warning C4305: “初始化”: 从“double”到“float”截断
     1>OperDobot.cpp(233): warning C4305: “初始化”: 从“double”到“float”截断
     1>OperDobot.cpp(478): warning C4996: 'sprintf': This function or variable may be unsafe. Consider using sprintf_s instead. To disable deprecation, use _CRT_SECURE_NO_WARNINGS. See online help for details.
                 C:\Program Files (x86)\Microsoft Visual Studio 10.0\VC\include\stdio.h(371) : 参见“sprintf”的声明
         OperDobot2.cpp
     1>c:\users\teng\working\dobotcheck\dobotcheck\common\utility.h(197): warning C4996: 'stricmp': The POSIX name for this item is deprecated. Instead, use the ISO C++ conformant name: _stricmp. See online help for details.
                 C:\Program Files (x86)\Microsoft Visual Studio 10.0\VC\include\string.h(246) : 参见“stricmp”的声明
         PressureCard.cpp
     1>c:\users\teng\working\dobotcheck\dobotcheck\common/utility.h(197): warning C4996: 'stricmp': The POSIX name for this item is deprecated. Instead, use the ISO C++ conformant name: _stricmp. See online help for details.
                 C:\Program Files (x86)\Microsoft Visual Studio 10.0\VC\include\string.h(246) : 参见“stricmp”的声明
     1>PressureCard.cpp(144): warning C4996: 'sprintf': This function or variable may be unsafe. Consider using sprintf_s instead. To disable deprecation, use _CRT_SECURE_NO_WARNINGS. See online help for details.
                 C:\Program Files (x86)\Microsoft Visual Studio 10.0\VC\include\stdio.h(371) : 参见“sprintf”的声明
     1>PressureCard.cpp(168): warning C4996: 'sprintf': This function or variable may be unsafe. Consider using sprintf_s instead. To disable deprecation, use _CRT_SECURE_NO_WARNINGS. See online help for details.
                 C:\Program Files (x86)\Microsoft Visual Studio 10.0\VC\include\stdio.h(371) : 参见“sprintf”的声明
     1>PressureCard.cpp(361): warning C4101: “nRet”: 未引用的局部变量
     1>PressureCard.cpp(416): warning C4244: “=”: 从“double”转换到“float”，可能丢失数据
     1>PressureCard.cpp(430): warning C4244: “=”: 从“double”转换到“float”，可能丢失数据
     1>PressureCard.cpp(434): warning C4244: “=”: 从“double”转换到“float”，可能丢失数据
     1>PressureCard.cpp(438): warning C4244: “=”: 从“double”转换到“float”，可能丢失数据
     1>PressureCard.cpp(442): warning C4244: “=”: 从“double”转换到“float”，可能丢失数据
     1>PressureCard.cpp(453): warning C4244: “=”: 从“double”转换到“float”，可能丢失数据
     1>PressureCard.cpp(457): warning C4244: “=”: 从“double”转换到“float”，可能丢失数据
         PressureCardNew.cpp
     1>c:\users\teng\working\dobotcheck\dobotcheck\common/utility.h(197): warning C4996: 'stricmp': The POSIX name for this item is deprecated. Instead, use the ISO C++ conformant name: _stricmp. See online help for details.
                 C:\Program Files (x86)\Microsoft Visual Studio 10.0\VC\include\string.h(246) : 参见“stricmp”的声明
     1>PressureCardNew.cpp(84): warning C4244: “参数”: 从“double”转换到“float”，可能丢失数据
     1>PressureCardNew.cpp(108): warning C4244: “参数”: 从“double”转换到“float”，可能丢失数据
     1>PressureCardNew.cpp(114): warning C4244: “参数”: 从“double”转换到“float”，可能丢失数据
     1>PressureCardNew.cpp(120): warning C4244: “参数”: 从“double”转换到“float”，可能丢失数据
     1>PressureCardNew.cpp(126): warning C4244: “参数”: 从“double”转换到“float”，可能丢失数据
     1>PressureCardNew.cpp(145): warning C4244: “参数”: 从“double”转换到“float”，可能丢失数据
     1>PressureCardNew.cpp(151): warning C4244: “参数”: 从“double”转换到“float”，可能丢失数据
     1>PressureCardNew.cpp(70): warning C4101: “nItem”: 未引用的局部变量
         ScandOP.cpp
     1>c:\users\teng\working\dobotcheck\dobotcheck\common\utility.h(197): warning C4996: 'stricmp': The POSIX name for this item is deprecated. Instead, use the ISO C++ conformant name: _stricmp. See online help for details.
                 C:\Program Files (x86)\Microsoft Visual Studio 10.0\VC\include\string.h(246) : 参见“stricmp”的声明
     1>ScandOP.cpp(36): warning C4244: “-=”: 从“double”转换到“float”，可能丢失数据
     1>ScandOP.cpp(37): warning C4244: “-=”: 从“double”转换到“float”，可能丢失数据
     1>ScandOP.cpp(86): warning C4244: “初始化”: 从“float”转换到“int”，可能丢失数据
     1>ScandOP.cpp(103): warning C4244: “=”: 从“int”转换到“float”，可能丢失数据
     1>ScandOP.cpp(110): warning C4244: “=”: 从“int”转换到“float”，可能丢失数据
     1>ScandOP.cpp(121): warning C4996: 'strcpy': This function or variable may be unsafe. Consider using strcpy_s instead. To disable deprecation, use _CRT_SECURE_NO_WARNINGS. See online help for details.
                 C:\Program Files (x86)\Microsoft Visual Studio 10.0\VC\include\string.h(105) : 参见“strcpy”的声明
     1>ScandOP.cpp(131): warning C4244: “=”: 从“int”转换到“float”，可能丢失数据
     1>ScandOP.cpp(165): warning C4996: 'sprintf': This function or variable may be unsafe. Consider using sprintf_s instead. To disable deprecation, use _CRT_SECURE_NO_WARNINGS. See online help for details.
                 C:\Program Files (x86)\Microsoft Visual Studio 10.0\VC\include\stdio.h(371) : 参见“sprintf”的声明
     1>ScandOP.cpp(183): warning C4244: “初始化”: 从“float”转换到“int”，可能丢失数据
     1>ScandOP.cpp(185): warning C4244: “=”: 从“int”转换到“float”，可能丢失数据
     1>ScandOP.cpp(232): warning C4244: “初始化”: 从“float”转换到“int”，可能丢失数据
     1>ScandOP.cpp(234): warning C4244: “=”: 从“int”转换到“float”，可能丢失数据
     1>ScandOP.cpp(248): warning C4996: 'strcpy': This function or variable may be unsafe. Consider using strcpy_s instead. To disable deprecation, use _CRT_SECURE_NO_WARNINGS. See online help for details.
                 C:\Program Files (x86)\Microsoft Visual Studio 10.0\VC\include\string.h(105) : 参见“strcpy”的声明
     1>ScandOP.cpp(265): warning C4244: “=”: 从“int”转换到“float”，可能丢失数据
     1>ScandOP.cpp(295): warning C4996: 'sprintf': This function or variable may be unsafe. Consider using sprintf_s instead. To disable deprecation, use _CRT_SECURE_NO_WARNINGS. See online help for details.
                 C:\Program Files (x86)\Microsoft Visual Studio 10.0\VC\include\stdio.h(371) : 参见“sprintf”的声明
         ScandReading.cpp
     1>c:\users\teng\working\dobotcheck\dobotcheck\common\utility.h(197): warning C4996: 'stricmp': The POSIX name for this item is deprecated. Instead, use the ISO C++ conformant name: _stricmp. See online help for details.
                 C:\Program Files (x86)\Microsoft Visual Studio 10.0\VC\include\string.h(246) : 参见“stricmp”的声明
     1>ScandReading.cpp(134): warning C4244: “-=”: 从“double”转换到“float”，可能丢失数据
     1>ScandReading.cpp(135): warning C4244: “-=”: 从“double”转换到“float”，可能丢失数据
     1>ScandReading.cpp(272): warning C4996: 'sprintf': This function or variable may be unsafe. Consider using sprintf_s instead. To disable deprecation, use _CRT_SECURE_NO_WARNINGS. See online help for details.
                 C:\Program Files (x86)\Microsoft Visual Studio 10.0\VC\include\stdio.h(371) : 参见“sprintf”的声明
     1>ScandReading.cpp(525): warning C4244: “参数”: 从“double”转换到“int”，可能丢失数据
     1>ScandReading.cpp(526): warning C4244: “参数”: 从“double”转换到“int”，可能丢失数据
     1>ScandReading.cpp(527): warning C4244: “参数”: 从“double”转换到“int”，可能丢失数据
     1>ScandReading.cpp(528): warning C4244: “参数”: 从“double”转换到“int”，可能丢失数据
     1>ScandReading.cpp(534): warning C4244: “参数”: 从“double”转换到“int”，可能丢失数据
     1>ScandReading.cpp(535): warning C4244: “参数”: 从“double”转换到“int”，可能丢失数据
     1>ScandReading.cpp(536): warning C4244: “参数”: 从“double”转换到“int”，可能丢失数据
     1>ScandReading.cpp(540): warning C4244: “参数”: 从“double”转换到“int”，可能丢失数据
     1>ScandReading.cpp(541): warning C4244: “参数”: 从“double”转换到“int”，可能丢失数据
     1>ScandReading.cpp(542): warning C4244: “参数”: 从“double”转换到“int”，可能丢失数据
     1>ScandReading.cpp(550): warning C4244: “参数”: 从“double”转换到“int”，可能丢失数据
     1>ScandReading.cpp(550): warning C4244: “参数”: 从“double”转换到“int”，可能丢失数据
     1>ScandReading.cpp(551): warning C4244: “参数”: 从“double”转换到“int”，可能丢失数据
     1>ScandReading.cpp(551): warning C4244: “参数”: 从“double”转换到“int”，可能丢失数据
     1>ScandReading.cpp(552): warning C4244: “参数”: 从“double”转换到“int”，可能丢失数据
     1>ScandReading.cpp(552): warning C4244: “参数”: 从“double”转换到“int”，可能丢失数据
     1>ScandReading.cpp(553): warning C4244: “参数”: 从“double”转换到“int”，可能丢失数据
     1>ScandReading.cpp(553): warning C4244: “参数”: 从“double”转换到“int”，可能丢失数据
     1>ScandReading.cpp(554): warning C4244: “参数”: 从“double”转换到“int”，可能丢失数据
     1>ScandReading.cpp(554): warning C4244: “参数”: 从“double”转换到“int”，可能丢失数据
     1>ScandReading.cpp(555): warning C4244: “参数”: 从“double”转换到“int”，可能丢失数据
     1>ScandReading.cpp(555): warning C4244: “参数”: 从“double”转换到“int”，可能丢失数据
     1>ScandReading.cpp(556): warning C4244: “参数”: 从“double”转换到“int”，可能丢失数据
     1>ScandReading.cpp(556): warning C4244: “参数”: 从“double”转换到“int”，可能丢失数据
     1>ScandReading.cpp(557): warning C4244: “参数”: 从“double”转换到“int”，可能丢失数据
     1>ScandReading.cpp(557): warning C4244: “参数”: 从“double”转换到“int”，可能丢失数据
     1>ScandReading.cpp(559): warning C4244: “参数”: 从“double”转换到“int”，可能丢失数据
     1>ScandReading.cpp(559): warning C4244: “参数”: 从“double”转换到“int”，可能丢失数据
     1>ScandReading.cpp(560): warning C4244: “参数”: 从“double”转换到“int”，可能丢失数据
     1>ScandReading.cpp(560): warning C4244: “参数”: 从“double”转换到“int”，可能丢失数据
     1>ScandReading.cpp(561): warning C4244: “参数”: 从“double”转换到“int”，可能丢失数据
     1>ScandReading.cpp(561): warning C4244: “参数”: 从“double”转换到“int”，可能丢失数据
     1>ScandReading.cpp(562): warning C4244: “参数”: 从“double”转换到“int”，可能丢失数据
     1>ScandReading.cpp(562): warning C4244: “参数”: 从“double”转换到“int”，可能丢失数据
     1>ScandReading.cpp(563): warning C4244: “参数”: 从“double”转换到“int”，可能丢失数据
     1>ScandReading.cpp(563): warning C4244: “参数”: 从“double”转换到“int”，可能丢失数据
     1>ScandReading.cpp(564): warning C4244: “参数”: 从“double”转换到“int”，可能丢失数据
     1>ScandReading.cpp(564): warning C4244: “参数”: 从“double”转换到“int”，可能丢失数据
     1>ScandReading.cpp(565): warning C4244: “参数”: 从“double”转换到“int”，可能丢失数据
     1>ScandReading.cpp(565): warning C4244: “参数”: 从“double”转换到“int”，可能丢失数据
     1>ScandReading.cpp(566): warning C4244: “参数”: 从“double”转换到“int”，可能丢失数据
     1>ScandReading.cpp(566): warning C4244: “参数”: 从“double”转换到“int”，可能丢失数据
     1>ScandReading.cpp(567): warning C4244: “参数”: 从“double”转换到“int”，可能丢失数据
     1>ScandReading.cpp(567): warning C4244: “参数”: 从“double”转换到“int”，可能丢失数据
     1>ScandReading.cpp(567): warning C4244: “参数”: 从“double”转换到“int”，可能丢失数据
     1>ScandReading.cpp(567): warning C4244: “参数”: 从“double”转换到“int”，可能丢失数据
     1>ScandReading.cpp(607): warning C4244: “=”: 从“double”转换到“float”，可能丢失数据
     1>ScandReading.cpp(611): warning C4244: “=”: 从“double”转换到“float”，可能丢失数据
     1>ScandReading.cpp(613): warning C4244: “初始化”: 从“double”转换到“int”，可能丢失数据
     1>ScandReading.cpp(614): warning C4244: “初始化”: 从“double”转换到“int”，可能丢失数据
     1>ScandReading.cpp(619): warning C4244: “参数”: 从“double”转换到“int”，可能丢失数据
     1>ScandReading.cpp(619): warning C4244: “参数”: 从“double”转换到“int”，可能丢失数据
     1>ScandReading.cpp(619): warning C4244: “参数”: 从“double”转换到“int”，可能丢失数据
     1>ScandReading.cpp(619): warning C4244: “参数”: 从“double”转换到“int”，可能丢失数据
     1>ScandReading.cpp(652): warning C4244: “参数”: 从“double”转换到“int”，可能丢失数据
     1>ScandReading.cpp(653): warning C4244: “参数”: 从“double”转换到“int”，可能丢失数据
     1>ScandReading.cpp(654): warning C4244: “参数”: 从“double”转换到“int”，可能丢失数据
     1>ScandReading.cpp(655): warning C4244: “参数”: 从“double”转换到“int”，可能丢失数据
     1>ScandReading.cpp(662): warning C4244: “参数”: 从“double”转换到“int”，可能丢失数据
     1>ScandReading.cpp(663): warning C4244: “参数”: 从“double”转换到“int”，可能丢失数据
     1>ScandReading.cpp(664): warning C4244: “参数”: 从“double”转换到“int”，可能丢失数据
     1>ScandReading.cpp(668): warning C4244: “参数”: 从“double”转换到“int”，可能丢失数据
     1>ScandReading.cpp(669): warning C4244: “参数”: 从“double”转换到“int”，可能丢失数据
     1>ScandReading.cpp(670): warning C4244: “参数”: 从“double”转换到“int”，可能丢失数据
     1>ScandReading.cpp(680): warning C4244: “=”: 从“double”转换到“LONG”，可能丢失数据
     1>ScandReading.cpp(680): warning C4244: “=”: 从“double”转换到“LONG”，可能丢失数据
     1>ScandReading.cpp(684): warning C4244: “参数”: 从“double”转换到“int”，可能丢失数据
     1>ScandReading.cpp(684): warning C4244: “参数”: 从“double”转换到“int”，可能丢失数据
     1>ScandReading.cpp(684): warning C4244: “参数”: 从“double”转换到“int”，可能丢失数据
     1>ScandReading.cpp(684): warning C4244: “参数”: 从“double”转换到“int”，可能丢失数据
     1>ScandReading.cpp(750): warning C4244: “=”: 从“double”转换到“float”，可能丢失数据
     1>ScandReading.cpp(754): warning C4244: “=”: 从“double”转换到“float”，可能丢失数据
     1>ScandReading.cpp(757): warning C4244: “初始化”: 从“double”转换到“int”，可能丢失数据
     1>ScandReading.cpp(758): warning C4244: “初始化”: 从“double”转换到“int”，可能丢失数据
     1>ScandReading.cpp(763): warning C4244: “参数”: 从“double”转换到“int”，可能丢失数据
     1>ScandReading.cpp(763): warning C4244: “参数”: 从“double”转换到“int”，可能丢失数据
     1>ScandReading.cpp(763): warning C4244: “参数”: 从“double”转换到“int”，可能丢失数据
     1>ScandReading.cpp(763): warning C4244: “参数”: 从“double”转换到“int”，可能丢失数据
     1>ScandReading.cpp(940): warning C4244: “-=”: 从“double”转换到“float”，可能丢失数据
     1>ScandReading.cpp(941): warning C4244: “-=”: 从“double”转换到“float”，可能丢失数据
     1>ScandReading.cpp(973): warning C4244: “-=”: 从“double”转换到“float”，可能丢失数据
     1>ScandReading.cpp(974): warning C4244: “-=”: 从“double”转换到“float”，可能丢失数据
         serialport.cpp
     1>c:\users\teng\working\dobotcheck\dobotcheck\common\utility.h(197): warning C4996: 'stricmp': The POSIX name for this item is deprecated. Instead, use the ISO C++ conformant name: _stricmp. See online help for details.
                 C:\Program Files (x86)\Microsoft Visual Studio 10.0\VC\include\string.h(246) : 参见“stricmp”的声明
       ResourceCompile:
         所有输出均为最新。
       Link:
         C:\Program Files (x86)\Microsoft Visual Studio 10.0\VC\bin\link.exe /ERRORREPORT:PROMPT /OUT:"C:\Users\teng\working\DobotCheck\Release\DobotCheck.exe" /INCREMENTAL:NO /NOLOGO /NODEFAULTLIB:msvcrt.lib /NODEFAULTLIB:msvcprt.lib /MANIFEST /ManifestFile:"Release\DobotCheck.exe.intermediate.manifest" /MANIFESTUAC:"level='asInvoker' uiAccess='false'" /DEBUG /PDB:"C:\Users\teng\working\DobotCheck\Release\DobotCheck.pdb" /SUBSYSTEM:WINDOWS /OPT:REF /OPT:ICF /LTCG /TLBID:1 /DYNAMICBASE /NXCOMPAT /IMPLIB:"C:\Users\teng\working\DobotCheck\Release\DobotCheck.lib" /MACHINE:X86 Release\DobotCheck.res
         Release\ACard.obj
         Release\des.obj
         Release\serialport.obj
         Release\utility.obj
         Release\DobotCheck.obj
         Release\DobotCheckDlg.obj
         Release\FlashCard.obj
         Release\FlashFileNameDlg.obj
         Release\MarkLocationDlg.obj
         Release\OperDobot.obj
         Release\OperDobot2.obj
         Release\PressureCard.obj
         Release\PressureCardNew.obj
         Release\ScandOP.obj
         Release\ScandReading.obj
         Release\stdafx.obj
         正在生成代码
         已完成代码的生成
         DobotCheck.vcxproj -> C:\Users\teng\working\DobotCheck\Release\DobotCheck.exe
       Manifest:
         C:\Program Files (x86)\Microsoft SDKs\Windows\v7.0A\bin\mt.exe /nologo /verbose /outputresource:"C:\Users\teng\working\DobotCheck\Release\DobotCheck.exe;#1" /manifest Release\DobotCheck.exe.intermediate.manifest "C:\Program Files (x86)\Microsoft Visual Studio 10.0\VC\Include\Manifest\dpiaware.manifest"
       FinalizeBuildStatus:
         正在删除文件“Release\DobotCheck.unsuccessfulbuild”。
         正在对“Release\DobotCheck.lastbuildstate”执行 Touch 任务。
     1>已完成生成项目“C:\Users\teng\working\DobotCheck\DobotCheck\DobotCheck.vcxproj”(build 个目标)的操作。

生成成功。

已用时间 00:00:21.83
