C:\USERS\TENG\WORKING\DOBOTCHECK\DOBOTCHECK\RELEASE\ACARD.OBJ
C:\Users\teng\working\DobotCheck\DobotCheck\Release\cl.command.1.tlog
C:\Users\teng\working\DobotCheck\DobotCheck\Release\CL.read.1.tlog
C:\Users\teng\working\DobotCheck\DobotCheck\Release\CL.write.1.tlog
C:\USERS\TENG\WORKING\DOBOTCHECK\DOBOTCHECK\RELEASE\DES.OBJ
C:\USERS\TENG\WORKING\DOBOTCHECK\DOBOTCHECK\RELEASE\DOBOTCHECK.EXE.INTERMEDIATE.MANIFEST
C:\USERS\TENG\WORKING\DOBOTCHECK\DOBOTCHECK\RELEASE\DOBOTCHECK.OBJ
C:\USERS\TENG\WORKING\DOBOTCHECK\DOBOTCHECK\RELEASE\DOBOTCHECK.PCH
C:\USERS\TENG\WORKING\DOBOTCHECK\DOBOTCHECK\RELEASE\DOBOTCHECK.RES
C:\Users\teng\working\DobotCheck\DobotCheck\Release\DobotCheck.vcxprojResolveAssemblyReference.cache
C:\Users\teng\working\DobotCheck\DobotCheck\Release\DobotCheck.write.1.tlog
C:\USERS\TENG\WORKING\DOBOTCHECK\DOBOTCHECK\RELEASE\DOBOTCHECKDLG.OBJ
C:\USERS\TENG\WORKING\DOBOTCHECK\DOBOTCHECK\RELEASE\FLASHCARD.OBJ
C:\USERS\TENG\WORKING\DOBOTCHECK\DOBOTCHECK\RELEASE\FLASHFILENAMEDLG.OBJ
C:\Users\teng\working\DobotCheck\DobotCheck\Release\link.command.1.tlog
C:\Users\teng\working\DobotCheck\DobotCheck\Release\link.read.1.tlog
C:\Users\teng\working\DobotCheck\DobotCheck\Release\link.write.1.tlog
C:\Users\teng\working\DobotCheck\DobotCheck\Release\link-cvtres.read.1.tlog
C:\Users\teng\working\DobotCheck\DobotCheck\Release\link-cvtres.write.1.tlog
C:\USERS\TENG\WORKING\DOBOTCHECK\DOBOTCHECK\RELEASE\MARKLOCATIONDLG.OBJ
C:\Users\teng\working\DobotCheck\DobotCheck\Release\mt.command.1.tlog
C:\Users\teng\working\DobotCheck\DobotCheck\Release\mt.read.1.tlog
C:\Users\teng\working\DobotCheck\DobotCheck\Release\mt.write.1.tlog
C:\USERS\TENG\WORKING\DOBOTCHECK\DOBOTCHECK\RELEASE\OPERDOBOT.OBJ
C:\USERS\TENG\WORKING\DOBOTCHECK\DOBOTCHECK\RELEASE\OPERDOBOT2.OBJ
C:\USERS\TENG\WORKING\DOBOTCHECK\DOBOTCHECK\RELEASE\PRESSURECARD.OBJ
C:\USERS\TENG\WORKING\DOBOTCHECK\DOBOTCHECK\RELEASE\PRESSURECARDNEW.OBJ
C:\Users\teng\working\DobotCheck\DobotCheck\Release\rc.command.1.tlog
C:\Users\teng\working\DobotCheck\DobotCheck\Release\rc.read.1.tlog
C:\Users\teng\working\DobotCheck\DobotCheck\Release\rc.write.1.tlog
C:\USERS\TENG\WORKING\DOBOTCHECK\DOBOTCHECK\RELEASE\SCANDREADING.OBJ
C:\USERS\TENG\WORKING\DOBOTCHECK\DOBOTCHECK\RELEASE\SERIALPORT.OBJ
C:\USERS\TENG\WORKING\DOBOTCHECK\DOBOTCHECK\RELEASE\STDAFX.OBJ
C:\USERS\TENG\WORKING\DOBOTCHECK\DOBOTCHECK\RELEASE\UTILITY.OBJ
C:\USERS\TENG\WORKING\DOBOTCHECK\DOBOTCHECK\RELEASE\VC100.PDB
C:\USERS\TENG\WORKING\DOBOTCHECK\RELEASE\DOBOTCHECK.EXE
C:\USERS\TENG\WORKING\DOBOTCHECK\RELEASE\DOBOTCHECK.PDB
